{"/Users/michelle/Downloads/bytebuddies1-claude-intelligent-fermat-82adf8/Users/mishk/Downloads/bytebuddies1-claude-bold-dewdney-73f401 (1)/bytebuddies1-claude-bold-dewdney-73f401/src/data/stageLookOptions.js": {"path":"/Users/michelle/Downloads/bytebuddies1-claude-intelligent-fermat-82adf8/Users/mishk/Downloads/bytebuddies1-claude-bold-dewdney-73f401 (1)/bytebuddies1-claude-bold-dewdney-73f401/src/data/stageLookOptions.js","statementMap":{"0":{"start":{"line":2,"column":36},"end":{"line":23,"column":1}},"1":{"start":{"line":26,"column":37},"end":{"line":40,"column":1}},"2":{"start":{"line":43,"column":38},"end":{"line":43,"column":64}},"3":{"start":{"line":44,"column":39},"end":{"line":44,"column":64}},"4":{"start":{"line":48,"column":2},"end":{"line":48,"column":35}},"5":{"start":{"line":48,"column":27},"end":{"line":48,"column":33}},"6":{"start":{"line":51,"column":40},"end":{"line":51,"column":80}},"7":{"start":{"line":52,"column":41},"end":{"line":52,"column":80}}},"fnMap":{"0":{"name":"toBlocklyDropdown","decl":{"start":{"line":47,"column":16},"end":{"line":47,"column":33}},"loc":{"start":{"line":47,"column":42},"end":{"line":49,"column":1}},"line":47},"1":{"name":"(anonymous_1)","decl":{"start":{"line":48,"column":20},"end":{"line":48,"column":21}},"loc":{"start":{"line":48,"column":27},"end":{"line":48,"column":33}},"line":48}},"branchMap":{},"s":{"0":1,"1":1,"2":1,"3":1,"4":2,"5":33,"6":1,"7":1},"f":{"0":2,"1":33},"b":{},"_coverageSchema":"1a1c01bbd47fc00a2c39e90264f33305004495a9","hash":"1efcce5425d075b73d900ec61c1c988af012b42d"}
,"/Users/michelle/Downloads/bytebuddies1-claude-intelligent-fermat-82adf8/Users/mishk/Downloads/bytebuddies1-claude-bold-dewdney-73f401 (1)/bytebuddies1-claude-bold-dewdney-73f401/src/utils/blocks.jsx": {"path":"/Users/michelle/Downloads/bytebuddies1-claude-intelligent-fermat-82adf8/Users/mishk/Downloads/bytebuddies1-claude-bold-dewdney-73f401 (1)/bytebuddies1-claude-bold-dewdney-73f401/src/utils/blocks.jsx","statementMap":{"0":{"start":{"line":9,"column":26},"end":{"line":354,"column":1}},"1":{"start":{"line":357,"column":31},"end":{"line":644,"column":1}},"2":{"start":{"line":648,"column":2},"end":{"line":648,"column":55}},"3":{"start":{"line":648,"column":43},"end":{"line":648,"column":55}},"4":{"start":{"line":649,"column":2},"end":{"line":649,"column":42}},"5":{"start":{"line":653,"column":36},"end":{"line":789,"column":1}},"6":{"start":{"line":799,"column":12},"end":{"line":799,"column":24}},"7":{"start":{"line":800,"column":15},"end":{"line":800,"column":74}},"8":{"start":{"line":801,"column":2},"end":{"line":803,"column":3}},"9":{"start":{"line":802,"column":4},"end":{"line":802,"column":64}},"10":{"start":{"line":802,"column":52},"end":{"line":802,"column":64}},"11":{"start":{"line":804,"column":18},"end":{"line":804,"column":82}},"12":{"start":{"line":805,"column":2},"end":{"line":805,"column":32}},"13":{"start":{"line":805,"column":16},"end":{"line":805,"column":32}},"14":{"start":{"line":806,"column":17},"end":{"line":806,"column":37}},"15":{"start":{"line":807,"column":2},"end":{"line":807,"column":80}},"16":{"start":{"line":807,"column":62},"end":{"line":807,"column":80}},"17":{"start":{"line":808,"column":2},"end":{"line":808,"column":89}},"18":{"start":{"line":808,"column":68},"end":{"line":808,"column":89}},"19":{"start":{"line":809,"column":2},"end":{"line":809,"column":83}},"20":{"start":{"line":809,"column":64},"end":{"line":809,"column":83}},"21":{"start":{"line":810,"column":2},"end":{"line":812,"column":3}},"22":{"start":{"line":811,"column":4},"end":{"line":811,"column":51}},"23":{"start":{"line":813,"column":2},"end":{"line":813,"column":18}},"24":{"start":{"line":817,"column":2},"end":{"line":817,"column":32}},"25":{"start":{"line":817,"column":20},"end":{"line":817,"column":32}},"26":{"start":{"line":818,"column":2},"end":{"line":818,"column":82}},"27":{"start":{"line":818,"column":41},"end":{"line":818,"column":82}},"28":{"start":{"line":819,"column":2},"end":{"line":819,"column":50}},"29":{"start":{"line":819,"column":31},"end":{"line":819,"column":50}},"30":{"start":{"line":820,"column":2},"end":{"line":823,"column":3}},"31":{"start":{"line":821,"column":21},"end":{"line":821,"column":60}},"32":{"start":{"line":822,"column":4},"end":{"line":822,"column":46}},"33":{"start":{"line":822,"column":30},"end":{"line":822,"column":46}},"34":{"start":{"line":824,"column":2},"end":{"line":824,"column":14}},"35":{"start":{"line":829,"column":2},"end":{"line":829,"column":31}},"36":{"start":{"line":829,"column":19},"end":{"line":829,"column":31}},"37":{"start":{"line":830,"column":12},"end":{"line":830,"column":21}},"38":{"start":{"line":831,"column":2},"end":{"line":835,"column":3}},"39":{"start":{"line":832,"column":18},"end":{"line":832,"column":98}},"40":{"start":{"line":833,"column":18},"end":{"line":833,"column":40}},"41":{"start":{"line":834,"column":4},"end":{"line":834,"column":56}},"42":{"start":{"line":836,"column":2},"end":{"line":845,"column":3}},"43":{"start":{"line":838,"column":4},"end":{"line":843,"column":5}},"44":{"start":{"line":839,"column":24},"end":{"line":839,"column":53}},"45":{"start":{"line":840,"column":6},"end":{"line":842,"column":7}},"46":{"start":{"line":841,"column":8},"end":{"line":841,"column":25}},"47":{"start":{"line":844,"column":4},"end":{"line":844,"column":13}},"48":{"start":{"line":846,"column":16},"end":{"line":846,"column":96}},"49":{"start":{"line":847,"column":16},"end":{"line":847,"column":38}},"50":{"start":{"line":848,"column":2},"end":{"line":848,"column":54}},"51":{"start":{"line":852,"column":31},"end":{"line":858,"column":1}},"52":{"start":{"line":861,"column":14},"end":{"line":861,"column":57}},"53":{"start":{"line":862,"column":14},"end":{"line":862,"column":42}},"54":{"start":{"line":863,"column":2},"end":{"line":865,"column":3}},"55":{"start":{"line":864,"column":4},"end":{"line":864,"column":98}},"56":{"start":{"line":867,"column":2},"end":{"line":870,"column":3}},"57":{"start":{"line":868,"column":22},"end":{"line":868,"column":70}},"58":{"start":{"line":869,"column":4},"end":{"line":869,"column":148}},"59":{"start":{"line":871,"column":2},"end":{"line":871,"column":140}},"60":{"start":{"line":876,"column":12},"end":{"line":876,"column":31}},"61":{"start":{"line":877,"column":2},"end":{"line":877,"column":178}},"62":{"start":{"line":880,"column":16},"end":{"line":880,"column":25}},"63":{"start":{"line":881,"column":2},"end":{"line":881,"column":115}},"64":{"start":{"line":886,"column":13},"end":{"line":886,"column":46}},"65":{"start":{"line":887,"column":13},"end":{"line":887,"column":15}},"66":{"start":{"line":888,"column":13},"end":{"line":888,"column":20}},"67":{"start":{"line":889,"column":12},"end":{"line":889,"column":79}},"68":{"start":{"line":890,"column":2},"end":{"line":928,"column":4}},"69":{"start":{"line":908,"column":25},"end":{"line":908,"column":49}},"70":{"start":{"line":909,"column":28},"end":{"line":909,"column":47}},"71":{"start":{"line":910,"column":24},"end":{"line":910,"column":43}},"72":{"start":{"line":932,"column":13},"end":{"line":932,"column":46}},"73":{"start":{"line":933,"column":13},"end":{"line":933,"column":15}},"74":{"start":{"line":934,"column":13},"end":{"line":934,"column":20}},"75":{"start":{"line":935,"column":12},"end":{"line":935,"column":79}},"76":{"start":{"line":936,"column":2},"end":{"line":980,"column":4}},"77":{"start":{"line":954,"column":25},"end":{"line":954,"column":49}},"78":{"start":{"line":955,"column":28},"end":{"line":955,"column":47}},"79":{"start":{"line":956,"column":24},"end":{"line":956,"column":43}},"80":{"start":{"line":976,"column":10},"end":{"line":976,"column":54}},"81":{"start":{"line":985,"column":12},"end":{"line":985,"column":30}},"82":{"start":{"line":986,"column":21},"end":{"line":986,"column":137}},"83":{"start":{"line":987,"column":25},"end":{"line":987,"column":106}},"84":{"start":{"line":988,"column":26},"end":{"line":988,"column":100}},"85":{"start":{"line":989,"column":13},"end":{"line":1022,"column":3}},"86":{"start":{"line":990,"column":4},"end":{"line":1021,"column":7}},"87":{"start":{"line":995,"column":27},"end":{"line":995,"column":63}},"88":{"start":{"line":1017,"column":27},"end":{"line":1017,"column":63}},"89":{"start":{"line":1024,"column":2},"end":{"line":1303,"column":3}},"90":{"start":{"line":1025,"column":24},"end":{"line":1025,"column":90}},"91":{"start":{"line":1026,"column":24},"end":{"line":1026,"column":87}},"92":{"start":{"line":1027,"column":24},"end":{"line":1027,"column":92}},"93":{"start":{"line":1028,"column":24},"end":{"line":1028,"column":70}},"94":{"start":{"line":1029,"column":24},"end":{"line":1029,"column":74}},"95":{"start":{"line":1030,"column":24},"end":{"line":1030,"column":96}},"96":{"start":{"line":1031,"column":26},"end":{"line":1031,"column":98}},"97":{"start":{"line":1032,"column":23},"end":{"line":1043,"column":6}},"98":{"start":{"line":1037,"column":27},"end":{"line":1037,"column":62}},"99":{"start":{"line":1044,"column":24},"end":{"line":1044,"column":78}},"100":{"start":{"line":1045,"column":25},"end":{"line":1045,"column":58}},"101":{"start":{"line":1046,"column":24},"end":{"line":1046,"column":77}},"102":{"start":{"line":1047,"column":25},"end":{"line":1047,"column":88}},"103":{"start":{"line":1048,"column":24},"end":{"line":1048,"column":55}},"104":{"start":{"line":1049,"column":24},"end":{"line":1049,"column":72}},"105":{"start":{"line":1050,"column":24},"end":{"line":1050,"column":70}},"106":{"start":{"line":1051,"column":24},"end":{"line":1051,"column":73}},"107":{"start":{"line":1052,"column":24},"end":{"line":1052,"column":75}},"108":{"start":{"line":1053,"column":25},"end":{"line":1053,"column":76}},"109":{"start":{"line":1054,"column":24},"end":{"line":1054,"column":72}},"110":{"start":{"line":1055,"column":25},"end":{"line":1055,"column":76}},"111":{"start":{"line":1058,"column":6},"end":{"line":1058,"column":59}},"112":{"start":{"line":1061,"column":6},"end":{"line":1061,"column":59}},"113":{"start":{"line":1063,"column":6},"end":{"line":1063,"column":48}},"114":{"start":{"line":1065,"column":6},"end":{"line":1065,"column":62}},"115":{"start":{"line":1067,"column":6},"end":{"line":1067,"column":50}},"116":{"start":{"line":1069,"column":6},"end":{"line":1069,"column":54}},"117":{"start":{"line":1071,"column":6},"end":{"line":1071,"column":39}},"118":{"start":{"line":1073,"column":6},"end":{"line":1073,"column":61}},"119":{"start":{"line":1075,"column":6},"end":{"line":1075,"column":62}},"120":{"start":{"line":1076,"column":24},"end":{"line":1076,"column":71}},"121":{"start":{"line":1077,"column":24},"end":{"line":1077,"column":81}},"122":{"start":{"line":1078,"column":24},"end":{"line":1078,"column":75}},"123":{"start":{"line":1079,"column":24},"end":{"line":1079,"column":77}},"124":{"start":{"line":1080,"column":21},"end":{"line":1080,"column":89}},"125":{"start":{"line":1081,"column":24},"end":{"line":1081,"column":96}},"126":{"start":{"line":1082,"column":28},"end":{"line":1082,"column":83}},"127":{"start":{"line":1083,"column":24},"end":{"line":1083,"column":114}},"128":{"start":{"line":1084,"column":25},"end":{"line":1084,"column":123}},"129":{"start":{"line":1085,"column":22},"end":{"line":1085,"column":83}},"130":{"start":{"line":1086,"column":23},"end":{"line":1086,"column":88}},"131":{"start":{"line":1087,"column":24},"end":{"line":1087,"column":71}},"132":{"start":{"line":1088,"column":26},"end":{"line":1088,"column":80}},"133":{"start":{"line":1089,"column":22},"end":{"line":1089,"column":73}},"134":{"start":{"line":1090,"column":22},"end":{"line":1090,"column":73}},"135":{"start":{"line":1091,"column":21},"end":{"line":1091,"column":89}},"136":{"start":{"line":1092,"column":24},"end":{"line":1092,"column":76}},"137":{"start":{"line":1093,"column":24},"end":{"line":1093,"column":74}},"138":{"start":{"line":1094,"column":30},"end":{"line":1094,"column":90}},"139":{"start":{"line":1095,"column":29},"end":{"line":1095,"column":93}},"140":{"start":{"line":1096,"column":24},"end":{"line":1096,"column":84}},"141":{"start":{"line":1097,"column":27},"end":{"line":1097,"column":82}},"142":{"start":{"line":1098,"column":27},"end":{"line":1098,"column":82}},"143":{"start":{"line":1099,"column":27},"end":{"line":1099,"column":81}},"144":{"start":{"line":1100,"column":24},"end":{"line":1100,"column":54}},"145":{"start":{"line":1101,"column":24},"end":{"line":1101,"column":54}},"146":{"start":{"line":1102,"column":24},"end":{"line":1102,"column":89}},"147":{"start":{"line":1103,"column":25},"end":{"line":1103,"column":81}},"148":{"start":{"line":1104,"column":31},"end":{"line":1104,"column":119}},"149":{"start":{"line":1105,"column":33},"end":{"line":1105,"column":124}},"150":{"start":{"line":1106,"column":25},"end":{"line":1106,"column":235}},"151":{"start":{"line":1106,"column":115},"end":{"line":1106,"column":155}},"152":{"start":{"line":1107,"column":33},"end":{"line":1107,"column":221}},"153":{"start":{"line":1107,"column":134},"end":{"line":1107,"column":170}},"154":{"start":{"line":1108,"column":33},"end":{"line":1108,"column":79}},"155":{"start":{"line":1109,"column":24},"end":{"line":1109,"column":76}},"156":{"start":{"line":1110,"column":23},"end":{"line":1110,"column":77}},"157":{"start":{"line":1111,"column":34},"end":{"line":1111,"column":98}},"158":{"start":{"line":1112,"column":23},"end":{"line":1112,"column":64}},"159":{"start":{"line":1114,"column":25},"end":{"line":1114,"column":83}},"160":{"start":{"line":1115,"column":29},"end":{"line":1115,"column":61}},"161":{"start":{"line":1116,"column":32},"end":{"line":1116,"column":96}},"162":{"start":{"line":1117,"column":29},"end":{"line":1117,"column":90}},"163":{"start":{"line":1118,"column":32},"end":{"line":1118,"column":77}},"164":{"start":{"line":1119,"column":24},"end":{"line":1119,"column":76}},"165":{"start":{"line":1120,"column":24},"end":{"line":1120,"column":77}},"166":{"start":{"line":1121,"column":24},"end":{"line":1121,"column":64}},"167":{"start":{"line":1122,"column":27},"end":{"line":1122,"column":79}},"168":{"start":{"line":1123,"column":24},"end":{"line":1123,"column":72}},"169":{"start":{"line":1124,"column":28},"end":{"line":1124,"column":88}},"170":{"start":{"line":1125,"column":26},"end":{"line":1125,"column":81}},"171":{"start":{"line":1126,"column":28},"end":{"line":1126,"column":82}},"172":{"start":{"line":1127,"column":27},"end":{"line":1127,"column":67}},"173":{"start":{"line":1128,"column":34},"end":{"line":1128,"column":87}},"174":{"start":{"line":1129,"column":22},"end":{"line":1129,"column":74}},"175":{"start":{"line":1130,"column":26},"end":{"line":1130,"column":59}},"176":{"start":{"line":1131,"column":26},"end":{"line":1131,"column":59}},"177":{"start":{"line":1132,"column":27},"end":{"line":1132,"column":70}},"178":{"start":{"line":1133,"column":24},"end":{"line":1133,"column":55}},"179":{"start":{"line":1134,"column":30},"end":{"line":1134,"column":67}},"180":{"start":{"line":1135,"column":30},"end":{"line":1135,"column":66}},"181":{"start":{"line":1136,"column":30},"end":{"line":1136,"column":66}},"182":{"start":{"line":1137,"column":38},"end":{"line":1137,"column":73}},"183":{"start":{"line":1138,"column":22},"end":{"line":1138,"column":67}},"184":{"start":{"line":1139,"column":25},"end":{"line":1139,"column":92}},"185":{"start":{"line":1140,"column":24},"end":{"line":1140,"column":71}},"186":{"start":{"line":1141,"column":26},"end":{"line":1141,"column":88}},"187":{"start":{"line":1142,"column":30},"end":{"line":1142,"column":88}},"188":{"start":{"line":1143,"column":32},"end":{"line":1143,"column":108}},"189":{"start":{"line":1144,"column":29},"end":{"line":1144,"column":102}},"190":{"start":{"line":1145,"column":29},"end":{"line":1145,"column":82}},"191":{"start":{"line":1146,"column":29},"end":{"line":1146,"column":102}},"192":{"start":{"line":1147,"column":31},"end":{"line":1147,"column":69}},"193":{"start":{"line":1148,"column":31},"end":{"line":1148,"column":86}},"194":{"start":{"line":1149,"column":31},"end":{"line":1149,"column":86}},"195":{"start":{"line":1150,"column":32},"end":{"line":1150,"column":71}},"196":{"start":{"line":1151,"column":23},"end":{"line":1151,"column":74}},"197":{"start":{"line":1152,"column":25},"end":{"line":1152,"column":78}},"198":{"start":{"line":1153,"column":24},"end":{"line":1153,"column":61}},"199":{"start":{"line":1154,"column":23},"end":{"line":1154,"column":59}},"200":{"start":{"line":1155,"column":27},"end":{"line":1155,"column":91}},"201":{"start":{"line":1156,"column":32},"end":{"line":1156,"column":71}},"202":{"start":{"line":1157,"column":33},"end":{"line":1157,"column":93}},"203":{"start":{"line":1158,"column":35},"end":{"line":1158,"column":75}},"204":{"start":{"line":1159,"column":36},"end":{"line":1159,"column":77}},"205":{"start":{"line":1160,"column":33},"end":{"line":1160,"column":63}},"206":{"start":{"line":1161,"column":29},"end":{"line":1161,"column":94}},"207":{"start":{"line":1162,"column":28},"end":{"line":1162,"column":79}},"208":{"start":{"line":1163,"column":27},"end":{"line":1163,"column":69}},"209":{"start":{"line":1164,"column":29},"end":{"line":1164,"column":81}},"210":{"start":{"line":1165,"column":25},"end":{"line":1165,"column":80}},"211":{"start":{"line":1166,"column":38},"end":{"line":1178,"column":6}},"212":{"start":{"line":1172,"column":27},"end":{"line":1172,"column":63}},"213":{"start":{"line":1179,"column":24},"end":{"line":1179,"column":82}},"214":{"start":{"line":1180,"column":25},"end":{"line":1180,"column":102}},"215":{"start":{"line":1181,"column":27},"end":{"line":1181,"column":82}},"216":{"start":{"line":1182,"column":27},"end":{"line":1182,"column":82}},"217":{"start":{"line":1183,"column":27},"end":{"line":1183,"column":64}},"218":{"start":{"line":1184,"column":27},"end":{"line":1184,"column":82}},"219":{"start":{"line":1185,"column":22},"end":{"line":1185,"column":57}},"220":{"start":{"line":1186,"column":21},"end":{"line":1186,"column":55}},"221":{"start":{"line":1187,"column":28},"end":{"line":1187,"column":64}},"222":{"start":{"line":1188,"column":23},"end":{"line":1188,"column":81}},"223":{"start":{"line":1189,"column":25},"end":{"line":1189,"column":63}},"224":{"start":{"line":1190,"column":23},"end":{"line":1190,"column":59}},"225":{"start":{"line":1191,"column":25},"end":{"line":1191,"column":105}},"226":{"start":{"line":1192,"column":25},"end":{"line":1192,"column":69}},"227":{"start":{"line":1193,"column":29},"end":{"line":1193,"column":85}},"228":{"start":{"line":1194,"column":24},"end":{"line":1194,"column":71}},"229":{"start":{"line":1195,"column":24},"end":{"line":1195,"column":71}},"230":{"start":{"line":1196,"column":25},"end":{"line":1196,"column":73}},"231":{"start":{"line":1197,"column":28},"end":{"line":1197,"column":90}},"232":{"start":{"line":1198,"column":32},"end":{"line":1198,"column":91}},"233":{"start":{"line":1199,"column":24},"end":{"line":1199,"column":61}},"234":{"start":{"line":1200,"column":24},"end":{"line":1200,"column":61}},"235":{"start":{"line":1201,"column":27},"end":{"line":1201,"column":76}},"236":{"start":{"line":1203,"column":24},"end":{"line":1203,"column":70}},"237":{"start":{"line":1205,"column":22},"end":{"line":1205,"column":57}},"238":{"start":{"line":1206,"column":22},"end":{"line":1206,"column":53}},"239":{"start":{"line":1207,"column":21},"end":{"line":1207,"column":55}},"240":{"start":{"line":1208,"column":19},"end":{"line":1208,"column":51}},"241":{"start":{"line":1209,"column":22},"end":{"line":1209,"column":74}},"242":{"start":{"line":1210,"column":21},"end":{"line":1210,"column":71}},"243":{"start":{"line":1212,"column":26},"end":{"line":1212,"column":74}},"244":{"start":{"line":1213,"column":29},"end":{"line":1213,"column":79}},"245":{"start":{"line":1215,"column":24},"end":{"line":1215,"column":61}},"246":{"start":{"line":1216,"column":19},"end":{"line":1216,"column":51}},"247":{"start":{"line":1217,"column":19},"end":{"line":1217,"column":51}},"248":{"start":{"line":1218,"column":23},"end":{"line":1218,"column":59}},"249":{"start":{"line":1219,"column":24},"end":{"line":1219,"column":61}},"250":{"start":{"line":1220,"column":23},"end":{"line":1220,"column":60}},"251":{"start":{"line":1222,"column":26},"end":{"line":1222,"column":66}},"252":{"start":{"line":1223,"column":25},"end":{"line":1223,"column":80}},"253":{"start":{"line":1224,"column":30},"end":{"line":1224,"column":83}},"254":{"start":{"line":1226,"column":24},"end":{"line":1226,"column":61}},"255":{"start":{"line":1227,"column":28},"end":{"line":1227,"column":84}},"256":{"start":{"line":1228,"column":28},"end":{"line":1228,"column":84}},"257":{"start":{"line":1230,"column":24},"end":{"line":1230,"column":63}},"258":{"start":{"line":1231,"column":25},"end":{"line":1231,"column":58}},"259":{"start":{"line":1233,"column":27},"end":{"line":1233,"column":60}},"260":{"start":{"line":1234,"column":26},"end":{"line":1234,"column":57}},"261":{"start":{"line":1236,"column":25},"end":{"line":1236,"column":59}},"262":{"start":{"line":1237,"column":28},"end":{"line":1237,"column":59}},"263":{"start":{"line":1238,"column":21},"end":{"line":1238,"column":69}},"264":{"start":{"line":1239,"column":23},"end":{"line":1239,"column":73}},"265":{"start":{"line":1241,"column":24},"end":{"line":1241,"column":74}},"266":{"start":{"line":1242,"column":29},"end":{"line":1242,"column":63}},"267":{"start":{"line":1244,"column":26},"end":{"line":1244,"column":77}},"268":{"start":{"line":1245,"column":25},"end":{"line":1245,"column":75}},"269":{"start":{"line":1246,"column":25},"end":{"line":1246,"column":75}},"270":{"start":{"line":1248,"column":28},"end":{"line":1248,"column":93}},"271":{"start":{"line":1249,"column":27},"end":{"line":1249,"column":91}},"272":{"start":{"line":1250,"column":33},"end":{"line":1250,"column":86}},"273":{"start":{"line":1251,"column":32},"end":{"line":1251,"column":84}},"274":{"start":{"line":1252,"column":26},"end":{"line":1252,"column":91}},"275":{"start":{"line":1253,"column":27},"end":{"line":1253,"column":92}},"276":{"start":{"line":1255,"column":29},"end":{"line":1255,"column":78}},"277":{"start":{"line":1256,"column":28},"end":{"line":1256,"column":78}},"278":{"start":{"line":1257,"column":29},"end":{"line":1257,"column":62}},"279":{"start":{"line":1258,"column":29},"end":{"line":1258,"column":62}},"280":{"start":{"line":1259,"column":29},"end":{"line":1259,"column":62}},"281":{"start":{"line":1260,"column":29},"end":{"line":1260,"column":62}},"282":{"start":{"line":1261,"column":26},"end":{"line":1261,"column":56}},"283":{"start":{"line":1262,"column":32},"end":{"line":1262,"column":87}},"284":{"start":{"line":1263,"column":32},"end":{"line":1263,"column":68}},"285":{"start":{"line":1265,"column":23},"end":{"line":1265,"column":69}},"286":{"start":{"line":1266,"column":27},"end":{"line":1266,"column":72}},"287":{"start":{"line":1267,"column":28},"end":{"line":1267,"column":73}},"288":{"start":{"line":1268,"column":27},"end":{"line":1268,"column":77}},"289":{"start":{"line":1269,"column":27},"end":{"line":1269,"column":79}},"290":{"start":{"line":1271,"column":26},"end":{"line":1271,"column":76}},"291":{"start":{"line":1272,"column":27},"end":{"line":1272,"column":78}},"292":{"start":{"line":1273,"column":23},"end":{"line":1273,"column":53}},"293":{"start":{"line":1274,"column":28},"end":{"line":1274,"column":75}},"294":{"start":{"line":1275,"column":29},"end":{"line":1275,"column":77}},"295":{"start":{"line":1277,"column":25},"end":{"line":1277,"column":75}},"296":{"start":{"line":1278,"column":27},"end":{"line":1278,"column":80}},"297":{"start":{"line":1280,"column":24},"end":{"line":1280,"column":61}},"298":{"start":{"line":1281,"column":28},"end":{"line":1281,"column":62}},"299":{"start":{"line":1282,"column":28},"end":{"line":1282,"column":62}},"300":{"start":{"line":1283,"column":31},"end":{"line":1283,"column":68}},"301":{"start":{"line":1284,"column":28},"end":{"line":1284,"column":62}},"302":{"start":{"line":1285,"column":25},"end":{"line":1285,"column":56}},"303":{"start":{"line":1287,"column":22},"end":{"line":1287,"column":67}},"304":{"start":{"line":1288,"column":23},"end":{"line":1288,"column":69}},"305":{"start":{"line":1289,"column":22},"end":{"line":1289,"column":53}},"306":{"start":{"line":1291,"column":25},"end":{"line":1291,"column":59}},"307":{"start":{"line":1292,"column":26},"end":{"line":1292,"column":61}},"308":{"start":{"line":1293,"column":26},"end":{"line":1293,"column":72}},"309":{"start":{"line":1294,"column":26},"end":{"line":1294,"column":59}},"310":{"start":{"line":1296,"column":27},"end":{"line":1296,"column":77}},"311":{"start":{"line":1297,"column":28},"end":{"line":1297,"column":61}},"312":{"start":{"line":1298,"column":28},"end":{"line":1298,"column":61}},"313":{"start":{"line":1300,"column":22},"end":{"line":1300,"column":86}},"314":{"start":{"line":1301,"column":22},"end":{"line":1301,"column":68}},"315":{"start":{"line":1302,"column":24},"end":{"line":1302,"column":63}}},"fnMap":{"0":{"name":"shortTypeToBlocklyType","decl":{"start":{"line":647,"column":16},"end":{"line":647,"column":38}},"loc":{"start":{"line":647,"column":46},"end":{"line":650,"column":1}},"line":647},"1":{"name":"readBlocklyFieldOrValue","decl":{"start":{"line":798,"column":16},"end":{"line":798,"column":39}},"loc":{"start":{"line":798,"column":81},"end":{"line":814,"column":1}},"line":798},"2":{"name":"blocklyTypeToGameType","decl":{"start":{"line":816,"column":16},"end":{"line":816,"column":37}},"loc":{"start":{"line":816,"column":51},"end":{"line":825,"column":1}},"line":816},"3":{"name":"resolveBlocklyNodeType","decl":{"start":{"line":828,"column":16},"end":{"line":828,"column":38}},"loc":{"start":{"line":828,"column":45},"end":{"line":849,"column":1}},"line":828},"4":{"name":"createBlockFromDrop","decl":{"start":{"line":860,"column":16},"end":{"line":860,"column":35}},"loc":{"start":{"line":860,"column":48},"end":{"line":872,"column":1}},"line":860},"5":{"name":"pathInputPill","decl":{"start":{"line":875,"column":9},"end":{"line":875,"column":22}},"loc":{"start":{"line":875,"column":31},"end":{"line":878,"column":1}},"line":875},"6":{"name":"pathInputHex","decl":{"start":{"line":879,"column":9},"end":{"line":879,"column":21}},"loc":{"start":{"line":879,"column":30},"end":{"line":882,"column":1}},"line":879},"7":{"name":"ParamInput","decl":{"start":{"line":885,"column":16},"end":{"line":885,"column":26}},"loc":{"start":{"line":885,"column":83},"end":{"line":929,"column":1}},"line":885},"8":{"name":"(anonymous_8)","decl":{"start":{"line":908,"column":18},"end":{"line":908,"column":19}},"loc":{"start":{"line":908,"column":25},"end":{"line":908,"column":49}},"line":908},"9":{"name":"(anonymous_9)","decl":{"start":{"line":909,"column":21},"end":{"line":909,"column":22}},"loc":{"start":{"line":909,"column":28},"end":{"line":909,"column":47}},"line":909},"10":{"name":"(anonymous_10)","decl":{"start":{"line":910,"column":17},"end":{"line":910,"column":18}},"loc":{"start":{"line":910,"column":24},"end":{"line":910,"column":43}},"line":910},"11":{"name":"ParamSelect","decl":{"start":{"line":931,"column":16},"end":{"line":931,"column":27}},"loc":{"start":{"line":931,"column":86},"end":{"line":981,"column":1}},"line":931},"12":{"name":"(anonymous_12)","decl":{"start":{"line":954,"column":18},"end":{"line":954,"column":19}},"loc":{"start":{"line":954,"column":25},"end":{"line":954,"column":49}},"line":954},"13":{"name":"(anonymous_13)","decl":{"start":{"line":955,"column":21},"end":{"line":955,"column":22}},"loc":{"start":{"line":955,"column":28},"end":{"line":955,"column":47}},"line":955},"14":{"name":"(anonymous_14)","decl":{"start":{"line":956,"column":17},"end":{"line":956,"column":18}},"loc":{"start":{"line":956,"column":24},"end":{"line":956,"column":43}},"line":956},"15":{"name":"(anonymous_15)","decl":{"start":{"line":975,"column":29},"end":{"line":975,"column":30}},"loc":{"start":{"line":976,"column":10},"end":{"line":976,"column":54}},"line":976},"16":{"name":"BlockContent","decl":{"start":{"line":984,"column":16},"end":{"line":984,"column":28}},"loc":{"start":{"line":984,"column":69},"end":{"line":1304,"column":1}},"line":984},"17":{"name":"(anonymous_17)","decl":{"start":{"line":989,"column":13},"end":{"line":989,"column":14}},"loc":{"start":{"line":990,"column":4},"end":{"line":1021,"column":7}},"line":990},"18":{"name":"(anonymous_18)","decl":{"start":{"line":995,"column":20},"end":{"line":995,"column":21}},"loc":{"start":{"line":995,"column":27},"end":{"line":995,"column":63}},"line":995},"19":{"name":"(anonymous_19)","decl":{"start":{"line":1017,"column":20},"end":{"line":1017,"column":21}},"loc":{"start":{"line":1017,"column":27},"end":{"line":1017,"column":63}},"line":1017},"20":{"name":"(anonymous_20)","decl":{"start":{"line":1037,"column":20},"end":{"line":1037,"column":21}},"loc":{"start":{"line":1037,"column":27},"end":{"line":1037,"column":62}},"line":1037},"21":{"name":"(anonymous_21)","decl":{"start":{"line":1106,"column":108},"end":{"line":1106,"column":109}},"loc":{"start":{"line":1106,"column":115},"end":{"line":1106,"column":155}},"line":1106},"22":{"name":"(anonymous_22)","decl":{"start":{"line":1107,"column":127},"end":{"line":1107,"column":128}},"loc":{"start":{"line":1107,"column":134},"end":{"line":1107,"column":170}},"line":1107},"23":{"name":"(anonymous_23)","decl":{"start":{"line":1172,"column":20},"end":{"line":1172,"column":21}},"loc":{"start":{"line":1172,"column":27},"end":{"line":1172,"column":63}},"line":1172}},"branchMap":{"0":{"loc":{"start":{"line":648,"column":2},"end":{"line":648,"column":55}},"type":"if","locations":[{"start":{"line":648,"column":2},"end":{"line":648,"column":55}},{"start":{},"end":{}}],"line":648},"1":{"loc":{"start":{"line":648,"column":6},"end":{"line":648,"column":41}},"type":"binary-expr","locations":[{"start":{"line":648,"column":6},"end":{"line":648,"column":12}},{"start":{"line":648,"column":16},"end":{"line":648,"column":41}}],"line":648},"2":{"loc":{"start":{"line":798,"column":59},"end":{"line":798,"column":79}},"type":"default-arg","locations":[{"start":{"line":798,"column":70},"end":{"line":798,"column":79}}],"line":798},"3":{"loc":{"start":{"line":799,"column":12},"end":{"line":799,"column":24}},"type":"binary-expr","locations":[{"start":{"line":799,"column":12},"end":{"line":799,"column":18}},{"start":{"line":799,"column":22},"end":{"line":799,"column":24}}],"line":799},"4":{"loc":{"start":{"line":802,"column":4},"end":{"line":802,"column":64}},"type":"if","locations":[{"start":{"line":802,"column":4},"end":{"line":802,"column":64}},{"start":{},"end":{}}],"line":802},"5":{"loc":{"start":{"line":802,"column":8},"end":{"line":802,"column":50}},"type":"binary-expr","locations":[{"start":{"line":802,"column":8},"end":{"line":802,"column":20}},{"start":{"line":802,"column":24},"end":{"line":802,"column":50}}],"line":802},"6":{"loc":{"start":{"line":804,"column":18},"end":{"line":804,"column":82}},"type":"binary-expr","locations":[{"start":{"line":804,"column":18},"end":{"line":804,"column":37}},{"start":{"line":804,"column":41},"end":{"line":804,"column":82}}],"line":804},"7":{"loc":{"start":{"line":805,"column":2},"end":{"line":805,"column":32}},"type":"if","locations":[{"start":{"line":805,"column":2},"end":{"line":805,"column":32}},{"start":{},"end":{}}],"line":805},"8":{"loc":{"start":{"line":806,"column":17},"end":{"line":806,"column":37}},"type":"binary-expr","locations":[{"start":{"line":806,"column":17},"end":{"line":806,"column":31}},{"start":{"line":806,"column":35},"end":{"line":806,"column":37}}],"line":806},"9":{"loc":{"start":{"line":807,"column":2},"end":{"line":807,"column":80}},"type":"if","locations":[{"start":{"line":807,"column":2},"end":{"line":807,"column":80}},{"start":{},"end":{}}],"line":807},"10":{"loc":{"start":{"line":807,"column":6},"end":{"line":807,"column":60}},"type":"binary-expr","locations":[{"start":{"line":807,"column":6},"end":{"line":807,"column":24}},{"start":{"line":807,"column":28},"end":{"line":807,"column":60}}],"line":807},"11":{"loc":{"start":{"line":808,"column":2},"end":{"line":808,"column":89}},"type":"if","locations":[{"start":{"line":808,"column":2},"end":{"line":808,"column":89}},{"start":{},"end":{}}],"line":808},"12":{"loc":{"start":{"line":808,"column":6},"end":{"line":808,"column":66}},"type":"binary-expr","locations":[{"start":{"line":808,"column":6},"end":{"line":808,"column":27}},{"start":{"line":808,"column":31},"end":{"line":808,"column":66}}],"line":808},"13":{"loc":{"start":{"line":809,"column":2},"end":{"line":809,"column":83}},"type":"if","locations":[{"start":{"line":809,"column":2},"end":{"line":809,"column":83}},{"start":{},"end":{}}],"line":809},"14":{"loc":{"start":{"line":809,"column":6},"end":{"line":809,"column":62}},"type":"binary-expr","locations":[{"start":{"line":809,"column":6},"end":{"line":809,"column":25}},{"start":{"line":809,"column":29},"end":{"line":809,"column":62}}],"line":809},"15":{"loc":{"start":{"line":810,"column":2},"end":{"line":812,"column":3}},"type":"if","locations":[{"start":{"line":810,"column":2},"end":{"line":812,"column":3}},{"start":{},"end":{}}],"line":810},"16":{"loc":{"start":{"line":810,"column":6},"end":{"line":810,"column":79}},"type":"binary-expr","locations":[{"start":{"line":810,"column":6},"end":{"line":810,"column":36}},{"start":{"line":810,"column":40},"end":{"line":810,"column":79}}],"line":810},"17":{"loc":{"start":{"line":811,"column":11},"end":{"line":811,"column":50}},"type":"binary-expr","locations":[{"start":{"line":811,"column":11},"end":{"line":811,"column":21}},{"start":{"line":811,"column":25},"end":{"line":811,"column":38}},{"start":{"line":811,"column":42},"end":{"line":811,"column":50}}],"line":811},"18":{"loc":{"start":{"line":817,"column":2},"end":{"line":817,"column":32}},"type":"if","locations":[{"start":{"line":817,"column":2},"end":{"line":817,"column":32}},{"start":{},"end":{}}],"line":817},"19":{"loc":{"start":{"line":818,"column":2},"end":{"line":818,"column":82}},"type":"if","locations":[{"start":{"line":818,"column":2},"end":{"line":818,"column":82}},{"start":{},"end":{}}],"line":818},"20":{"loc":{"start":{"line":819,"column":2},"end":{"line":819,"column":50}},"type":"if","locations":[{"start":{"line":819,"column":2},"end":{"line":819,"column":50}},{"start":{},"end":{}}],"line":819},"21":{"loc":{"start":{"line":820,"column":2},"end":{"line":823,"column":3}},"type":"if","locations":[{"start":{"line":820,"column":2},"end":{"line":823,"column":3}},{"start":{},"end":{}}],"line":820},"22":{"loc":{"start":{"line":820,"column":6},"end":{"line":820,"column":70}},"type":"binary-expr","locations":[{"start":{"line":820,"column":6},"end":{"line":820,"column":37}},{"start":{"line":820,"column":41},"end":{"line":820,"column":70}}],"line":820},"23":{"loc":{"start":{"line":822,"column":4},"end":{"line":822,"column":46}},"type":"if","locations":[{"start":{"line":822,"column":4},"end":{"line":822,"column":46}},{"start":{},"end":{}}],"line":822},"24":{"loc":{"start":{"line":829,"column":2},"end":{"line":829,"column":31}},"type":"if","locations":[{"start":{"line":829,"column":2},"end":{"line":829,"column":31}},{"start":{},"end":{}}],"line":829},"25":{"loc":{"start":{"line":831,"column":2},"end":{"line":835,"column":3}},"type":"if","locations":[{"start":{"line":831,"column":2},"end":{"line":835,"column":3}},{"start":{},"end":{}}],"line":831},"26":{"loc":{"start":{"line":832,"column":25},"end":{"line":832,"column":76}},"type":"binary-expr","locations":[{"start":{"line":832,"column":25},"end":{"line":832,"column":43}},{"start":{"line":832,"column":47},"end":{"line":832,"column":70}},{"start":{"line":832,"column":74},"end":{"line":832,"column":76}}],"line":832},"27":{"loc":{"start":{"line":834,"column":11},"end":{"line":834,"column":55}},"type":"cond-expr","locations":[{"start":{"line":834,"column":19},"end":{"line":834,"column":48}},{"start":{"line":834,"column":51},"end":{"line":834,"column":55}}],"line":834},"28":{"loc":{"start":{"line":836,"column":2},"end":{"line":845,"column":3}},"type":"if","locations":[{"start":{"line":836,"column":2},"end":{"line":845,"column":3}},{"start":{},"end":{}}],"line":836},"29":{"loc":{"start":{"line":836,"column":6},"end":{"line":836,"column":84}},"type":"binary-expr","locations":[{"start":{"line":836,"column":6},"end":{"line":836,"column":29}},{"start":{"line":836,"column":33},"end":{"line":836,"column":84}}],"line":836},"30":{"loc":{"start":{"line":836,"column":35},"end":{"line":836,"column":83}},"type":"binary-expr","locations":[{"start":{"line":836,"column":35},"end":{"line":836,"column":56}},{"start":{"line":836,"column":60},"end":{"line":836,"column":83}}],"line":836},"31":{"loc":{"start":{"line":838,"column":4},"end":{"line":843,"column":5}},"type":"if","locations":[{"start":{"line":838,"column":4},"end":{"line":843,"column":5}},{"start":{},"end":{}}],"line":838},"32":{"loc":{"start":{"line":838,"column":8},"end":{"line":838,"column":52}},"type":"binary-expr","locations":[{"start":{"line":838,"column":8},"end":{"line":838,"column":29}},{"start":{"line":838,"column":33},"end":{"line":838,"column":52}}],"line":838},"33":{"loc":{"start":{"line":840,"column":6},"end":{"line":842,"column":7}},"type":"if","locations":[{"start":{"line":840,"column":6},"end":{"line":842,"column":7}},{"start":{},"end":{}}],"line":840},"34":{"loc":{"start":{"line":846,"column":23},"end":{"line":846,"column":74}},"type":"binary-expr","locations":[{"start":{"line":846,"column":23},"end":{"line":846,"column":46}},{"start":{"line":846,"column":50},"end":{"line":846,"column":68}},{"start":{"line":846,"column":72},"end":{"line":846,"column":74}}],"line":846},"35":{"loc":{"start":{"line":848,"column":9},"end":{"line":848,"column":53}},"type":"cond-expr","locations":[{"start":{"line":848,"column":17},"end":{"line":848,"column":46}},{"start":{"line":848,"column":49},"end":{"line":848,"column":53}}],"line":848},"36":{"loc":{"start":{"line":861,"column":14},"end":{"line":861,"column":57}},"type":"binary-expr","locations":[{"start":{"line":861,"column":14},"end":{"line":861,"column":49}},{"start":{"line":861,"column":53},"end":{"line":861,"column":57}}],"line":861},"37":{"loc":{"start":{"line":862,"column":14},"end":{"line":862,"column":42}},"type":"cond-expr","locations":[{"start":{"line":862,"column":20},"end":{"line":862,"column":35}},{"start":{"line":862,"column":38},"end":{"line":862,"column":42}}],"line":862},"38":{"loc":{"start":{"line":863,"column":2},"end":{"line":865,"column":3}},"type":"if","locations":[{"start":{"line":863,"column":2},"end":{"line":865,"column":3}},{"start":{},"end":{}}],"line":863},"39":{"loc":{"start":{"line":867,"column":2},"end":{"line":870,"column":3}},"type":"if","locations":[{"start":{"line":867,"column":2},"end":{"line":870,"column":3}},{"start":{},"end":{}}],"line":867},"40":{"loc":{"start":{"line":867,"column":6},"end":{"line":867,"column":46}},"type":"binary-expr","locations":[{"start":{"line":867,"column":6},"end":{"line":867,"column":24}},{"start":{"line":867,"column":28},"end":{"line":867,"column":46}}],"line":867},"41":{"loc":{"start":{"line":868,"column":22},"end":{"line":868,"column":70}},"type":"binary-expr","locations":[{"start":{"line":868,"column":22},"end":{"line":868,"column":64}},{"start":{"line":868,"column":68},"end":{"line":868,"column":70}}],"line":868},"42":{"loc":{"start":{"line":885,"column":60},"end":{"line":885,"column":79}},"type":"default-arg","locations":[{"start":{"line":885,"column":73},"end":{"line":885,"column":79}}],"line":885},"43":{"loc":{"start":{"line":886,"column":26},"end":{"line":886,"column":45}},"type":"binary-expr","locations":[{"start":{"line":886,"column":26},"end":{"line":886,"column":39}},{"start":{"line":886,"column":43},"end":{"line":886,"column":45}}],"line":886},"44":{"loc":{"start":{"line":889,"column":12},"end":{"line":889,"column":79}},"type":"cond-expr","locations":[{"start":{"line":889,"column":35},"end":{"line":889,"column":55}},{"start":{"line":889,"column":58},"end":{"line":889,"column":79}}],"line":889},"45":{"loc":{"start":{"line":931,"column":63},"end":{"line":931,"column":82}},"type":"default-arg","locations":[{"start":{"line":931,"column":76},"end":{"line":931,"column":82}}],"line":931},"46":{"loc":{"start":{"line":932,"column":26},"end":{"line":932,"column":45}},"type":"binary-expr","locations":[{"start":{"line":932,"column":26},"end":{"line":932,"column":39}},{"start":{"line":932,"column":43},"end":{"line":932,"column":45}}],"line":932},"47":{"loc":{"start":{"line":935,"column":12},"end":{"line":935,"column":79}},"type":"cond-expr","locations":[{"start":{"line":935,"column":35},"end":{"line":935,"column":55}},{"start":{"line":935,"column":58},"end":{"line":935,"column":79}}],"line":935},"48":{"loc":{"start":{"line":953,"column":22},"end":{"line":953,"column":49}},"type":"binary-expr","locations":[{"start":{"line":953,"column":22},"end":{"line":953,"column":27}},{"start":{"line":953,"column":31},"end":{"line":953,"column":43}},{"start":{"line":953,"column":47},"end":{"line":953,"column":49}}],"line":953},"49":{"loc":{"start":{"line":975,"column":10},"end":{"line":975,"column":23}},"type":"binary-expr","locations":[{"start":{"line":975,"column":10},"end":{"line":975,"column":17}},{"start":{"line":975,"column":21},"end":{"line":975,"column":23}}],"line":975},"50":{"loc":{"start":{"line":984,"column":53},"end":{"line":984,"column":65}},"type":"default-arg","locations":[{"start":{"line":984,"column":63},"end":{"line":984,"column":65}}],"line":984},"51":{"loc":{"start":{"line":985,"column":12},"end":{"line":985,"column":30}},"type":"binary-expr","locations":[{"start":{"line":985,"column":12},"end":{"line":985,"column":24}},{"start":{"line":985,"column":28},"end":{"line":985,"column":30}}],"line":985},"52":{"loc":{"start":{"line":987,"column":25},"end":{"line":987,"column":106}},"type":"cond-expr","locations":[{"start":{"line":987,"column":56},"end":{"line":987,"column":76}},{"start":{"line":987,"column":79},"end":{"line":987,"column":106}}],"line":987},"53":{"loc":{"start":{"line":988,"column":26},"end":{"line":988,"column":100}},"type":"cond-expr","locations":[{"start":{"line":988,"column":58},"end":{"line":988,"column":79}},{"start":{"line":988,"column":82},"end":{"line":988,"column":100}}],"line":988},"54":{"loc":{"start":{"line":990,"column":4},"end":{"line":1021,"column":7}},"type":"cond-expr","locations":[{"start":{"line":993,"column":8},"end":{"line":1012,"column":10}},{"start":{"line":1015,"column":8},"end":{"line":1020,"column":10}}],"line":990},"55":{"loc":{"start":{"line":990,"column":5},"end":{"line":991,"column":107}},"type":"binary-expr","locations":[{"start":{"line":990,"column":5},"end":{"line":990,"column":23}},{"start":{"line":990,"column":27},"end":{"line":990,"column":49}},{"start":{"line":990,"column":53},"end":{"line":990,"column":72}},{"start":{"line":990,"column":76},"end":{"line":990,"column":95}},{"start":{"line":991,"column":9},"end":{"line":991,"column":31}},{"start":{"line":991,"column":35},"end":{"line":991,"column":58}},{"start":{"line":991,"column":62},"end":{"line":991,"column":82}},{"start":{"line":991,"column":86},"end":{"line":991,"column":107}}],"line":990},"56":{"loc":{"start":{"line":994,"column":17},"end":{"line":994,"column":34}},"type":"binary-expr","locations":[{"start":{"line":994,"column":17},"end":{"line":994,"column":28}},{"start":{"line":994,"column":32},"end":{"line":994,"column":34}}],"line":994},"57":{"loc":{"start":{"line":998,"column":12},"end":{"line":1010,"column":41}},"type":"cond-expr","locations":[{"start":{"line":999,"column":16},"end":{"line":999,"column":26}},{"start":{"line":1000,"column":16},"end":{"line":1010,"column":41}}],"line":998},"58":{"loc":{"start":{"line":1000,"column":16},"end":{"line":1010,"column":41}},"type":"cond-expr","locations":[{"start":{"line":1001,"column":18},"end":{"line":1001,"column":32}},{"start":{"line":1002,"column":18},"end":{"line":1010,"column":41}}],"line":1000},"59":{"loc":{"start":{"line":1002,"column":18},"end":{"line":1010,"column":41}},"type":"cond-expr","locations":[{"start":{"line":1003,"column":20},"end":{"line":1003,"column":42}},{"start":{"line":1004,"column":20},"end":{"line":1010,"column":41}}],"line":1002},"60":{"loc":{"start":{"line":1004,"column":20},"end":{"line":1010,"column":41}},"type":"cond-expr","locations":[{"start":{"line":1005,"column":22},"end":{"line":1005,"column":45}},{"start":{"line":1006,"column":22},"end":{"line":1010,"column":41}}],"line":1004},"61":{"loc":{"start":{"line":1006,"column":22},"end":{"line":1010,"column":41}},"type":"cond-expr","locations":[{"start":{"line":1007,"column":24},"end":{"line":1007,"column":130}},{"start":{"line":1008,"column":24},"end":{"line":1010,"column":41}}],"line":1006},"62":{"loc":{"start":{"line":1008,"column":24},"end":{"line":1010,"column":41}},"type":"cond-expr","locations":[{"start":{"line":1009,"column":26},"end":{"line":1009,"column":42}},{"start":{"line":1010,"column":26},"end":{"line":1010,"column":41}}],"line":1008},"63":{"loc":{"start":{"line":1016,"column":17},"end":{"line":1016,"column":34}},"type":"binary-expr","locations":[{"start":{"line":1016,"column":17},"end":{"line":1016,"column":28}},{"start":{"line":1016,"column":32},"end":{"line":1016,"column":34}}],"line":1016},"64":{"loc":{"start":{"line":1024,"column":2},"end":{"line":1303,"column":3}},"type":"switch","locations":[{"start":{"line":1025,"column":4},"end":{"line":1025,"column":90}},{"start":{"line":1026,"column":4},"end":{"line":1026,"column":87}},{"start":{"line":1027,"column":4},"end":{"line":1027,"column":92}},{"start":{"line":1028,"column":4},"end":{"line":1028,"column":70}},{"start":{"line":1029,"column":4},"end":{"line":1029,"column":74}},{"start":{"line":1030,"column":4},"end":{"line":1030,"column":96}},{"start":{"line":1031,"column":4},"end":{"line":1031,"column":98}},{"start":{"line":1032,"column":4},"end":{"line":1043,"column":6}},{"start":{"line":1044,"column":4},"end":{"line":1044,"column":78}},{"start":{"line":1045,"column":4},"end":{"line":1045,"column":58}},{"start":{"line":1046,"column":4},"end":{"line":1046,"column":77}},{"start":{"line":1047,"column":4},"end":{"line":1047,"column":88}},{"start":{"line":1048,"column":4},"end":{"line":1048,"column":55}},{"start":{"line":1049,"column":4},"end":{"line":1049,"column":72}},{"start":{"line":1050,"column":4},"end":{"line":1050,"column":70}},{"start":{"line":1051,"column":4},"end":{"line":1051,"column":73}},{"start":{"line":1052,"column":4},"end":{"line":1052,"column":75}},{"start":{"line":1053,"column":4},"end":{"line":1053,"column":76}},{"start":{"line":1054,"column":4},"end":{"line":1054,"column":72}},{"start":{"line":1055,"column":4},"end":{"line":1055,"column":76}},{"start":{"line":1056,"column":4},"end":{"line":1056,"column":20}},{"start":{"line":1057,"column":4},"end":{"line":1058,"column":59}},{"start":{"line":1059,"column":4},"end":{"line":1059,"column":21}},{"start":{"line":1060,"column":4},"end":{"line":1061,"column":59}},{"start":{"line":1062,"column":4},"end":{"line":1063,"column":48}},{"start":{"line":1064,"column":4},"end":{"line":1065,"column":62}},{"start":{"line":1066,"column":4},"end":{"line":1067,"column":50}},{"start":{"line":1068,"column":4},"end":{"line":1069,"column":54}},{"start":{"line":1070,"column":4},"end":{"line":1071,"column":39}},{"start":{"line":1072,"column":4},"end":{"line":1073,"column":61}},{"start":{"line":1074,"column":4},"end":{"line":1075,"column":62}},{"start":{"line":1076,"column":4},"end":{"line":1076,"column":71}},{"start":{"line":1077,"column":4},"end":{"line":1077,"column":81}},{"start":{"line":1078,"column":4},"end":{"line":1078,"column":75}},{"start":{"line":1079,"column":4},"end":{"line":1079,"column":77}},{"start":{"line":1080,"column":4},"end":{"line":1080,"column":89}},{"start":{"line":1081,"column":4},"end":{"line":1081,"column":96}},{"start":{"line":1082,"column":4},"end":{"line":1082,"column":83}},{"start":{"line":1083,"column":4},"end":{"line":1083,"column":114}},{"start":{"line":1084,"column":4},"end":{"line":1084,"column":123}},{"start":{"line":1085,"column":4},"end":{"line":1085,"column":83}},{"start":{"line":1086,"column":4},"end":{"line":1086,"column":88}},{"start":{"line":1087,"column":4},"end":{"line":1087,"column":71}},{"start":{"line":1088,"column":4},"end":{"line":1088,"column":80}},{"start":{"line":1089,"column":4},"end":{"line":1089,"column":73}},{"start":{"line":1090,"column":4},"end":{"line":1090,"column":73}},{"start":{"line":1091,"column":4},"end":{"line":1091,"column":89}},{"start":{"line":1092,"column":4},"end":{"line":1092,"column":76}},{"start":{"line":1093,"column":4},"end":{"line":1093,"column":74}},{"start":{"line":1094,"column":4},"end":{"line":1094,"column":90}},{"start":{"line":1095,"column":4},"end":{"line":1095,"column":93}},{"start":{"line":1096,"column":4},"end":{"line":1096,"column":84}},{"start":{"line":1097,"column":4},"end":{"line":1097,"column":82}},{"start":{"line":1098,"column":4},"end":{"line":1098,"column":82}},{"start":{"line":1099,"column":4},"end":{"line":1099,"column":81}},{"start":{"line":1100,"column":4},"end":{"line":1100,"column":54}},{"start":{"line":1101,"column":4},"end":{"line":1101,"column":54}},{"start":{"line":1102,"column":4},"end":{"line":1102,"column":89}},{"start":{"line":1103,"column":4},"end":{"line":1103,"column":81}},{"start":{"line":1104,"column":4},"end":{"line":1104,"column":119}},{"start":{"line":1105,"column":4},"end":{"line":1105,"column":124}},{"start":{"line":1106,"column":4},"end":{"line":1106,"column":235}},{"start":{"line":1107,"column":4},"end":{"line":1107,"column":221}},{"start":{"line":1108,"column":4},"end":{"line":1108,"column":79}},{"start":{"line":1109,"column":4},"end":{"line":1109,"column":76}},{"start":{"line":1110,"column":4},"end":{"line":1110,"column":77}},{"start":{"line":1111,"column":4},"end":{"line":1111,"column":98}},{"start":{"line":1112,"column":4},"end":{"line":1112,"column":64}},{"start":{"line":1113,"column":4},"end":{"line":1113,"column":28}},{"start":{"line":1114,"column":4},"end":{"line":1114,"column":83}},{"start":{"line":1115,"column":4},"end":{"line":1115,"column":61}},{"start":{"line":1116,"column":4},"end":{"line":1116,"column":96}},{"start":{"line":1117,"column":4},"end":{"line":1117,"column":90}},{"start":{"line":1118,"column":4},"end":{"line":1118,"column":77}},{"start":{"line":1119,"column":4},"end":{"line":1119,"column":76}},{"start":{"line":1120,"column":4},"end":{"line":1120,"column":77}},{"start":{"line":1121,"column":4},"end":{"line":1121,"column":64}},{"start":{"line":1122,"column":4},"end":{"line":1122,"column":79}},{"start":{"line":1123,"column":4},"end":{"line":1123,"column":72}},{"start":{"line":1124,"column":4},"end":{"line":1124,"column":88}},{"start":{"line":1125,"column":4},"end":{"line":1125,"column":81}},{"start":{"line":1126,"column":4},"end":{"line":1126,"column":82}},{"start":{"line":1127,"column":4},"end":{"line":1127,"column":67}},{"start":{"line":1128,"column":4},"end":{"line":1128,"column":87}},{"start":{"line":1129,"column":4},"end":{"line":1129,"column":74}},{"start":{"line":1130,"column":4},"end":{"line":1130,"column":59}},{"start":{"line":1131,"column":4},"end":{"line":1131,"column":59}},{"start":{"line":1132,"column":4},"end":{"line":1132,"column":70}},{"start":{"line":1133,"column":4},"end":{"line":1133,"column":55}},{"start":{"line":1134,"column":4},"end":{"line":1134,"column":67}},{"start":{"line":1135,"column":4},"end":{"line":1135,"column":66}},{"start":{"line":1136,"column":4},"end":{"line":1136,"column":66}},{"start":{"line":1137,"column":4},"end":{"line":1137,"column":73}},{"start":{"line":1138,"column":4},"end":{"line":1138,"column":67}},{"start":{"line":1139,"column":4},"end":{"line":1139,"column":92}},{"start":{"line":1140,"column":4},"end":{"line":1140,"column":71}},{"start":{"line":1141,"column":4},"end":{"line":1141,"column":88}},{"start":{"line":1142,"column":4},"end":{"line":1142,"column":88}},{"start":{"line":1143,"column":4},"end":{"line":1143,"column":108}},{"start":{"line":1144,"column":4},"end":{"line":1144,"column":102}},{"start":{"line":1145,"column":4},"end":{"line":1145,"column":82}},{"start":{"line":1146,"column":4},"end":{"line":1146,"column":102}},{"start":{"line":1147,"column":4},"end":{"line":1147,"column":69}},{"start":{"line":1148,"column":4},"end":{"line":1148,"column":86}},{"start":{"line":1149,"column":4},"end":{"line":1149,"column":86}},{"start":{"line":1150,"column":4},"end":{"line":1150,"column":71}},{"start":{"line":1151,"column":4},"end":{"line":1151,"column":74}},{"start":{"line":1152,"column":4},"end":{"line":1152,"column":78}},{"start":{"line":1153,"column":4},"end":{"line":1153,"column":61}},{"start":{"line":1154,"column":4},"end":{"line":1154,"column":59}},{"start":{"line":1155,"column":4},"end":{"line":1155,"column":91}},{"start":{"line":1156,"column":4},"end":{"line":1156,"column":71}},{"start":{"line":1157,"column":4},"end":{"line":1157,"column":93}},{"start":{"line":1158,"column":4},"end":{"line":1158,"column":75}},{"start":{"line":1159,"column":4},"end":{"line":1159,"column":77}},{"start":{"line":1160,"column":4},"end":{"line":1160,"column":63}},{"start":{"line":1161,"column":4},"end":{"line":1161,"column":94}},{"start":{"line":1162,"column":4},"end":{"line":1162,"column":79}},{"start":{"line":1163,"column":4},"end":{"line":1163,"column":69}},{"start":{"line":1164,"column":4},"end":{"line":1164,"column":81}},{"start":{"line":1165,"column":4},"end":{"line":1165,"column":80}},{"start":{"line":1166,"column":4},"end":{"line":1178,"column":6}},{"start":{"line":1179,"column":4},"end":{"line":1179,"column":82}},{"start":{"line":1180,"column":4},"end":{"line":1180,"column":102}},{"start":{"line":1181,"column":4},"end":{"line":1181,"column":82}},{"start":{"line":1182,"column":4},"end":{"line":1182,"column":82}},{"start":{"line":1183,"column":4},"end":{"line":1183,"column":64}},{"start":{"line":1184,"column":4},"end":{"line":1184,"column":82}},{"start":{"line":1185,"column":4},"end":{"line":1185,"column":57}},{"start":{"line":1186,"column":4},"end":{"line":1186,"column":55}},{"start":{"line":1187,"column":4},"end":{"line":1187,"column":64}},{"start":{"line":1188,"column":4},"end":{"line":1188,"column":81}},{"start":{"line":1189,"column":4},"end":{"line":1189,"column":63}},{"start":{"line":1190,"column":4},"end":{"line":1190,"column":59}},{"start":{"line":1191,"column":4},"end":{"line":1191,"column":105}},{"start":{"line":1192,"column":4},"end":{"line":1192,"column":69}},{"start":{"line":1193,"column":4},"end":{"line":1193,"column":85}},{"start":{"line":1194,"column":4},"end":{"line":1194,"column":71}},{"start":{"line":1195,"column":4},"end":{"line":1195,"column":71}},{"start":{"line":1196,"column":4},"end":{"line":1196,"column":73}},{"start":{"line":1197,"column":4},"end":{"line":1197,"column":90}},{"start":{"line":1198,"column":4},"end":{"line":1198,"column":91}},{"start":{"line":1199,"column":4},"end":{"line":1199,"column":61}},{"start":{"line":1200,"column":4},"end":{"line":1200,"column":61}},{"start":{"line":1201,"column":4},"end":{"line":1201,"column":76}},{"start":{"line":1203,"column":4},"end":{"line":1203,"column":70}},{"start":{"line":1205,"column":4},"end":{"line":1205,"column":57}},{"start":{"line":1206,"column":4},"end":{"line":1206,"column":53}},{"start":{"line":1207,"column":4},"end":{"line":1207,"column":55}},{"start":{"line":1208,"column":4},"end":{"line":1208,"column":51}},{"start":{"line":1209,"column":4},"end":{"line":1209,"column":74}},{"start":{"line":1210,"column":4},"end":{"line":1210,"column":71}},{"start":{"line":1212,"column":4},"end":{"line":1212,"column":74}},{"start":{"line":1213,"column":4},"end":{"line":1213,"column":79}},{"start":{"line":1215,"column":4},"end":{"line":1215,"column":61}},{"start":{"line":1216,"column":4},"end":{"line":1216,"column":51}},{"start":{"line":1217,"column":4},"end":{"line":1217,"column":51}},{"start":{"line":1218,"column":4},"end":{"line":1218,"column":59}},{"start":{"line":1219,"column":4},"end":{"line":1219,"column":61}},{"start":{"line":1220,"column":4},"end":{"line":1220,"column":60}},{"start":{"line":1222,"column":4},"end":{"line":1222,"column":66}},{"start":{"line":1223,"column":4},"end":{"line":1223,"column":80}},{"start":{"line":1224,"column":4},"end":{"line":1224,"column":83}},{"start":{"line":1226,"column":4},"end":{"line":1226,"column":61}},{"start":{"line":1227,"column":4},"end":{"line":1227,"column":84}},{"start":{"line":1228,"column":4},"end":{"line":1228,"column":84}},{"start":{"line":1230,"column":4},"end":{"line":1230,"column":63}},{"start":{"line":1231,"column":4},"end":{"line":1231,"column":58}},{"start":{"line":1233,"column":4},"end":{"line":1233,"column":60}},{"start":{"line":1234,"column":4},"end":{"line":1234,"column":57}},{"start":{"line":1236,"column":4},"end":{"line":1236,"column":59}},{"start":{"line":1237,"column":4},"end":{"line":1237,"column":59}},{"start":{"line":1238,"column":4},"end":{"line":1238,"column":69}},{"start":{"line":1239,"column":4},"end":{"line":1239,"column":73}},{"start":{"line":1241,"column":4},"end":{"line":1241,"column":74}},{"start":{"line":1242,"column":4},"end":{"line":1242,"column":63}},{"start":{"line":1244,"column":4},"end":{"line":1244,"column":77}},{"start":{"line":1245,"column":4},"end":{"line":1245,"column":75}},{"start":{"line":1246,"column":4},"end":{"line":1246,"column":75}},{"start":{"line":1248,"column":4},"end":{"line":1248,"column":93}},{"start":{"line":1249,"column":4},"end":{"line":1249,"column":91}},{"start":{"line":1250,"column":4},"end":{"line":1250,"column":86}},{"start":{"line":1251,"column":4},"end":{"line":1251,"column":84}},{"start":{"line":1252,"column":4},"end":{"line":1252,"column":91}},{"start":{"line":1253,"column":4},"end":{"line":1253,"column":92}},{"start":{"line":1255,"column":4},"end":{"line":1255,"column":78}},{"start":{"line":1256,"column":4},"end":{"line":1256,"column":78}},{"start":{"line":1257,"column":4},"end":{"line":1257,"column":62}},{"start":{"line":1258,"column":4},"end":{"line":1258,"column":62}},{"start":{"line":1259,"column":4},"end":{"line":1259,"column":62}},{"start":{"line":1260,"column":4},"end":{"line":1260,"column":62}},{"start":{"line":1261,"column":4},"end":{"line":1261,"column":56}},{"start":{"line":1262,"column":4},"end":{"line":1262,"column":87}},{"start":{"line":1263,"column":4},"end":{"line":1263,"column":68}},{"start":{"line":1265,"column":4},"end":{"line":1265,"column":69}},{"start":{"line":1266,"column":4},"end":{"line":1266,"column":72}},{"start":{"line":1267,"column":4},"end":{"line":1267,"column":73}},{"start":{"line":1268,"column":4},"end":{"line":1268,"column":77}},{"start":{"line":1269,"column":4},"end":{"line":1269,"column":79}},{"start":{"line":1271,"column":4},"end":{"line":1271,"column":76}},{"start":{"line":1272,"column":4},"end":{"line":1272,"column":78}},{"start":{"line":1273,"column":4},"end":{"line":1273,"column":53}},{"start":{"line":1274,"column":4},"end":{"line":1274,"column":75}},{"start":{"line":1275,"column":4},"end":{"line":1275,"column":77}},{"start":{"line":1277,"column":4},"end":{"line":1277,"column":75}},{"start":{"line":1278,"column":4},"end":{"line":1278,"column":80}},{"start":{"line":1280,"column":4},"end":{"line":1280,"column":61}},{"start":{"line":1281,"column":4},"end":{"line":1281,"column":62}},{"start":{"line":1282,"column":4},"end":{"line":1282,"column":62}},{"start":{"line":1283,"column":4},"end":{"line":1283,"column":68}},{"start":{"line":1284,"column":4},"end":{"line":1284,"column":62}},{"start":{"line":1285,"column":4},"end":{"line":1285,"column":56}},{"start":{"line":1287,"column":4},"end":{"line":1287,"column":67}},{"start":{"line":1288,"column":4},"end":{"line":1288,"column":69}},{"start":{"line":1289,"column":4},"end":{"line":1289,"column":53}},{"start":{"line":1291,"column":4},"end":{"line":1291,"column":59}},{"start":{"line":1292,"column":4},"end":{"line":1292,"column":61}},{"start":{"line":1293,"column":4},"end":{"line":1293,"column":72}},{"start":{"line":1294,"column":4},"end":{"line":1294,"column":59}},{"start":{"line":1296,"column":4},"end":{"line":1296,"column":77}},{"start":{"line":1297,"column":4},"end":{"line":1297,"column":61}},{"start":{"line":1298,"column":4},"end":{"line":1298,"column":61}},{"start":{"line":1300,"column":4},"end":{"line":1300,"column":86}},{"start":{"line":1301,"column":4},"end":{"line":1301,"column":68}},{"start":{"line":1302,"column":4},"end":{"line":1302,"column":63}}],"line":1024},"65":{"loc":{"start":{"line":1036,"column":17},"end":{"line":1036,"column":34}},"type":"binary-expr","locations":[{"start":{"line":1036,"column":17},"end":{"line":1036,"column":24}},{"start":{"line":1036,"column":28},"end":{"line":1036,"column":34}}],"line":1036},"66":{"loc":{"start":{"line":1106,"column":75},"end":{"line":1106,"column":96}},"type":"binary-expr","locations":[{"start":{"line":1106,"column":75},"end":{"line":1106,"column":87}},{"start":{"line":1106,"column":91},"end":{"line":1106,"column":96}}],"line":1106},"67":{"loc":{"start":{"line":1107,"column":95},"end":{"line":1107,"column":115}},"type":"binary-expr","locations":[{"start":{"line":1107,"column":95},"end":{"line":1107,"column":103}},{"start":{"line":1107,"column":107},"end":{"line":1107,"column":115}}],"line":1107},"68":{"loc":{"start":{"line":1171,"column":17},"end":{"line":1171,"column":56}},"type":"cond-expr","locations":[{"start":{"line":1171,"column":40},"end":{"line":1171,"column":47}},{"start":{"line":1171,"column":50},"end":{"line":1171,"column":56}}],"line":1171}},"s":{"0":1,"1":1,"2":0,"3":0,"4":0,"5":1,"6":0,"7":0,"8":0,"9":0,"10":0,"11":0,"12":0,"13":0,"14":0,"15":0,"16":0,"17":0,"18":0,"19":0,"20":0,"21":0,"22":0,"23":0,"24":0,"25":0,"26":0,"27":0,"28":0,"29":0,"30":0,"31":0,"32":0,"33":0,"34":0,"35":0,"36":0,"37":0,"38":0,"39":0,"40":0,"41":0,"42":0,"43":0,"44":0,"45":0,"46":0,"47":0,"48":0,"49":0,"50":0,"51":1,"52":0,"53":0,"54":0,"55":0,"56":0,"57":0,"58":0,"59":0,"60":0,"61":0,"62":0,"63":0,"64":0,"65":0,"66":0,"67":0,"68":0,"69":0,"70":0,"71":0,"72":0,"73":0,"74":0,"75":0,"76":0,"77":0,"78":0,"79":0,"80":0,"81":0,"82":0,"83":0,"84":0,"85":0,"86":0,"87":0,"88":0,"89":0,"90":0,"91":0,"92":0,"93":0,"94":0,"95":0,"96":0,"97":0,"98":0,"99":0,"100":0,"101":0,"102":0,"103":0,"104":0,"105":0,"106":0,"107":0,"108":0,"109":0,"110":0,"111":0,"112":0,"113":0,"114":0,"115":0,"116":0,"117":0,"118":0,"119":0,"120":0,"121":0,"122":0,"123":0,"124":0,"125":0,"126":0,"127":0,"128":0,"129":0,"130":0,"131":0,"132":0,"133":0,"134":0,"135":0,"136":0,"137":0,"138":0,"139":0,"140":0,"141":0,"142":0,"143":0,"144":0,"145":0,"146":0,"147":0,"148":0,"149":0,"150":0,"151":0,"152":0,"153":0,"154":0,"155":0,"156":0,"157":0,"158":0,"159":0,"160":0,"161":0,"162":0,"163":0,"164":0,"165":0,"166":0,"167":0,"168":0,"169":0,"170":0,"171":0,"172":0,"173":0,"174":0,"175":0,"176":0,"177":0,"178":0,"179":0,"180":0,"181":0,"182":0,"183":0,"184":0,"185":0,"186":0,"187":0,"188":0,"189":0,"190":0,"191":0,"192":0,"193":0,"194":0,"195":0,"196":0,"197":0,"198":0,"199":0,"200":0,"201":0,"202":0,"203":0,"204":0,"205":0,"206":0,"207":0,"208":0,"209":0,"210":0,"211":0,"212":0,"213":0,"214":0,"215":0,"216":0,"217":0,"218":0,"219":0,"220":0,"221":0,"222":0,"223":0,"224":0,"225":0,"226":0,"227":0,"228":0,"229":0,"230":0,"231":0,"232":0,"233":0,"234":0,"235":0,"236":0,"237":0,"238":0,"239":0,"240":0,"241":0,"242":0,"243":0,"244":0,"245":0,"246":0,"247":0,"248":0,"249":0,"250":0,"251":0,"252":0,"253":0,"254":0,"255":0,"256":0,"257":0,"258":0,"259":0,"260":0,"261":0,"262":0,"263":0,"264":0,"265":0,"266":0,"267":0,"268":0,"269":0,"270":0,"271":0,"272":0,"273":0,"274":0,"275":0,"276":0,"277":0,"278":0,"279":0,"280":0,"281":0,"282":0,"283":0,"284":0,"285":0,"286":0,"287":0,"288":0,"289":0,"290":0,"291":0,"292":0,"293":0,"294":0,"295":0,"296":0,"297":0,"298":0,"299":0,"300":0,"301":0,"302":0,"303":0,"304":0,"305":0,"306":0,"307":0,"308":0,"309":0,"310":0,"311":0,"312":0,"313":0,"314":0,"315":0},"f":{"0":0,"1":0,"2":0,"3":0,"4":0,"5":0,"6":0,"7":0,"8":0,"9":0,"10":0,"11":0,"12":0,"13":0,"14":0,"15":0,"16":0,"17":0,"18":0,"19":0,"20":0,"21":0,"22":0,"23":0},"b":{"0":[0,0],"1":[0,0],"2":[0],"3":[0,0],"4":[0,0],"5":[0,0],"6":[0,0],"7":[0,0],"8":[0,0],"9":[0,0],"10":[0,0],"11":[0,0],"12":[0,0],"13":[0,0],"14":[0,0],"15":[0,0],"16":[0,0],"17":[0,0,0],"18":[0,0],"19":[0,0],"20":[0,0],"21":[0,0],"22":[0,0],"23":[0,0],"24":[0,0],"25":[0,0],"26":[0,0,0],"27":[0,0],"28":[0,0],"29":[0,0],"30":[0,0],"31":[0,0],"32":[0,0],"33":[0,0],"34":[0,0,0],"35":[0,0],"36":[0,0],"37":[0,0],"38":[0,0],"39":[0,0],"40":[0,0],"41":[0,0],"42":[0],"43":[0,0],"44":[0,0],"45":[0],"46":[0,0],"47":[0,0],"48":[0,0,0],"49":[0,0],"50":[0],"51":[0,0],"52":[0,0],"53":[0,0],"54":[0,0],"55":[0,0,0,0,0,0,0,0],"56":[0,0],"57":[0,0],"58":[0,0],"59":[0,0],"60":[0,0],"61":[0,0],"62":[0,0],"63":[0,0],"64":[0,0,0,0,0,0,0,0,0,0,0,0,0,0,0,0,0,0,0,0,0,0,0,0,0,0,0,0,0,0,0,0,0,0,0,0,0,0,0,0,0,0,0,0,0,0,0,0,0,0,0,0,0,0,0,0,0,0,0,0,0,0,0,0,0,0,0,0,0,0,0,0,0,0,0,0,0,0,0,0,0,0,0,0,0,0,0,0,0,0,0,0,0,0,0,0,0,0,0,0,0,0,0,0,0,0,0,0,0,0,0,0,0,0,0,0,0,0,0,0,0,0,0,0,0,0,0,0,0,0,0,0,0,0,0,0,0,0,0,0,0,0,0,0,0,0,0,0,0,0,0,0,0,0,0,0,0,0,0,0,0,0,0,0,0,0,0,0,0,0,0,0,0,0,0,0,0,0,0,0,0,0,0,0,0,0,0,0,0,0,0,0,0,0,0,0,0,0,0,0,0,0,0,0,0,0,0,0,0,0,0,0,0,0,0,0,0,0,0,0,0,0,0,0,0],"65":[0,0],"66":[0,0],"67":[0,0],"68":[0,0]},"_coverageSchema":"1a1c01bbd47fc00a2c39e90264f33305004495a9","hash":"978cbb693e8c4480c6bb5d5d835941e583b904ba"}
,"/Users/michelle/Downloads/bytebuddies1-claude-intelligent-fermat-82adf8/Users/mishk/Downloads/bytebuddies1-claude-bold-dewdney-73f401 (1)/bytebuddies1-claude-bold-dewdney-73f401/src/utils/listRuntime.js": {"path":"/Users/michelle/Downloads/bytebuddies1-claude-intelligent-fermat-82adf8/Users/mishk/Downloads/bytebuddies1-claude-bold-dewdney-73f401 (1)/bytebuddies1-claude-bold-dewdney-73f401/src/utils/listRuntime.js","statementMap":{"0":{"start":{"line":8,"column":2},"end":{"line":8,"column":53}},"1":{"start":{"line":12,"column":14},"end":{"line":12,"column":37}},"2":{"start":{"line":13,"column":2},"end":{"line":13,"column":35}},"3":{"start":{"line":13,"column":19},"end":{"line":13,"column":35}},"4":{"start":{"line":14,"column":2},"end":{"line":14,"column":20}},"5":{"start":{"line":22,"column":12},"end":{"line":22,"column":40}},"6":{"start":{"line":23,"column":2},"end":{"line":23,"column":39}},"7":{"start":{"line":23,"column":27},"end":{"line":23,"column":39}},"8":{"start":{"line":24,"column":19},"end":{"line":24,"column":24}},"9":{"start":{"line":25,"column":2},"end":{"line":25,"column":58}},"10":{"start":{"line":25,"column":42},"end":{"line":25,"column":58}},"11":{"start":{"line":26,"column":2},"end":{"line":26,"column":54}},"12":{"start":{"line":26,"column":42},"end":{"line":26,"column":54}},"13":{"start":{"line":27,"column":2},"end":{"line":27,"column":18}},"14":{"start":{"line":31,"column":2},"end":{"line":31,"column":38}},"15":{"start":{"line":35,"column":14},"end":{"line":35,"column":37}},"16":{"start":{"line":36,"column":15},"end":{"line":36,"column":25}},"17":{"start":{"line":37,"column":2},"end":{"line":37,"column":20}},"18":{"start":{"line":37,"column":13},"end":{"line":37,"column":20}},"19":{"start":{"line":38,"column":19},"end":{"line":38,"column":66}},"20":{"start":{"line":39,"column":2},"end":{"line":39,"column":32}},"21":{"start":{"line":39,"column":25},"end":{"line":39,"column":32}},"22":{"start":{"line":40,"column":2},"end":{"line":40,"column":27}},"23":{"start":{"line":44,"column":14},"end":{"line":44,"column":37}},"24":{"start":{"line":45,"column":2},"end":{"line":46,"column":29}},"25":{"start":{"line":45,"column":19},"end":{"line":45,"column":35}},"26":{"start":{"line":46,"column":7},"end":{"line":46,"column":29}},"27":{"start":{"line":50,"column":15},"end":{"line":50,"column":38}},"28":{"start":{"line":51,"column":19},"end":{"line":51,"column":89}},"29":{"start":{"line":52,"column":2},"end":{"line":52,"column":32}},"30":{"start":{"line":52,"column":25},"end":{"line":52,"column":32}},"31":{"start":{"line":53,"column":2},"end":{"line":53,"column":34}},"32":{"start":{"line":57,"column":14},"end":{"line":57,"column":37}},"33":{"start":{"line":58,"column":15},"end":{"line":58,"column":25}},"34":{"start":{"line":59,"column":2},"end":{"line":59,"column":20}},"35":{"start":{"line":59,"column":13},"end":{"line":59,"column":20}},"36":{"start":{"line":60,"column":19},"end":{"line":60,"column":66}},"37":{"start":{"line":61,"column":2},"end":{"line":61,"column":32}},"38":{"start":{"line":61,"column":25},"end":{"line":61,"column":32}},"39":{"start":{"line":62,"column":2},"end":{"line":62,"column":25}},"40":{"start":{"line":66,"column":14},"end":{"line":66,"column":37}},"41":{"start":{"line":67,"column":15},"end":{"line":67,"column":25}},"42":{"start":{"line":68,"column":2},"end":{"line":68,"column":23}},"43":{"start":{"line":68,"column":13},"end":{"line":68,"column":23}},"44":{"start":{"line":69,"column":19},"end":{"line":69,"column":66}},"45":{"start":{"line":70,"column":2},"end":{"line":70,"column":35}},"46":{"start":{"line":70,"column":25},"end":{"line":70,"column":35}},"47":{"start":{"line":71,"column":15},"end":{"line":71,"column":29}},"48":{"start":{"line":72,"column":2},"end":{"line":72,"column":34}},"49":{"start":{"line":76,"column":14},"end":{"line":76,"column":37}},"50":{"start":{"line":77,"column":15},"end":{"line":77,"column":25}},"51":{"start":{"line":78,"column":2},"end":{"line":78,"column":38}},"52":{"start":{"line":78,"column":29},"end":{"line":78,"column":38}},"53":{"start":{"line":79,"column":12},"end":{"line":79,"column":31}},"54":{"start":{"line":80,"column":2},"end":{"line":83,"column":3}},"55":{"start":{"line":81,"column":16},"end":{"line":81,"column":29}},"56":{"start":{"line":82,"column":4},"end":{"line":82,"column":57}},"57":{"start":{"line":82,"column":35},"end":{"line":82,"column":55}},"58":{"start":{"line":84,"column":2},"end":{"line":84,"column":34}},"59":{"start":{"line":88,"column":14},"end":{"line":88,"column":37}},"60":{"start":{"line":89,"column":2},"end":{"line":89,"column":33}},"61":{"start":{"line":93,"column":14},"end":{"line":93,"column":37}},"62":{"start":{"line":94,"column":15},"end":{"line":94,"column":25}},"63":{"start":{"line":95,"column":2},"end":{"line":95,"column":26}},"64":{"start":{"line":95,"column":13},"end":{"line":95,"column":26}},"65":{"start":{"line":96,"column":2},"end":{"line":96,"column":40}},"66":{"start":{"line":96,"column":28},"end":{"line":96,"column":40}},"67":{"start":{"line":97,"column":14},"end":{"line":97,"column":27}},"68":{"start":{"line":98,"column":2},"end":{"line":98,"column":51}},"69":{"start":{"line":98,"column":29},"end":{"line":98,"column":49}},"70":{"start":{"line":103,"column":16},"end":{"line":103,"column":80}},"71":{"start":{"line":104,"column":2},"end":{"line":107,"column":3}},"72":{"start":{"line":105,"column":19},"end":{"line":105,"column":53}},"73":{"start":{"line":106,"column":4},"end":{"line":106,"column":43}},"74":{"start":{"line":106,"column":16},"end":{"line":106,"column":43}},"75":{"start":{"line":108,"column":2},"end":{"line":108,"column":62}},"76":{"start":{"line":112,"column":2},"end":{"line":115,"column":3}},"77":{"start":{"line":113,"column":19},"end":{"line":113,"column":54}},"78":{"start":{"line":114,"column":4},"end":{"line":114,"column":40}},"79":{"start":{"line":116,"column":2},"end":{"line":116,"column":32}},"80":{"start":{"line":120,"column":2},"end":{"line":123,"column":3}},"81":{"start":{"line":121,"column":14},"end":{"line":121,"column":57}},"82":{"start":{"line":122,"column":4},"end":{"line":122,"column":38}},"83":{"start":{"line":124,"column":12},"end":{"line":124,"column":23}},"84":{"start":{"line":125,"column":2},"end":{"line":125,"column":36}},"85":{"start":{"line":130,"column":2},"end":{"line":130,"column":31}},"86":{"start":{"line":130,"column":19},"end":{"line":130,"column":31}},"87":{"start":{"line":131,"column":22},"end":{"line":131,"column":31}},"88":{"start":{"line":132,"column":12},"end":{"line":132,"column":29}},"89":{"start":{"line":133,"column":19},"end":{"line":133,"column":55}},"90":{"start":{"line":135,"column":2},"end":{"line":164,"column":3}},"91":{"start":{"line":137,"column":6},"end":{"line":143,"column":8}},"92":{"start":{"line":145,"column":6},"end":{"line":151,"column":8}},"93":{"start":{"line":153,"column":6},"end":{"line":153,"column":65}},"94":{"start":{"line":155,"column":6},"end":{"line":161,"column":8}},"95":{"start":{"line":163,"column":6},"end":{"line":163,"column":18}}},"fnMap":{"0":{"name":"normalizeListName","decl":{"start":{"line":7,"column":16},"end":{"line":7,"column":33}},"loc":{"start":{"line":7,"column":40},"end":{"line":9,"column":1}},"line":7},"1":{"name":"ensureList","decl":{"start":{"line":11,"column":16},"end":{"line":11,"column":26}},"loc":{"start":{"line":11,"column":40},"end":{"line":15,"column":1}},"line":11},"2":{"name":"listIndexToInternal","decl":{"start":{"line":21,"column":16},"end":{"line":21,"column":35}},"loc":{"start":{"line":21,"column":84},"end":{"line":28,"column":1}},"line":21},"3":{"name":"listAdd","decl":{"start":{"line":30,"column":16},"end":{"line":30,"column":23}},"loc":{"start":{"line":30,"column":44},"end":{"line":32,"column":1}},"line":30},"4":{"name":"listDeleteAt","decl":{"start":{"line":34,"column":16},"end":{"line":34,"column":28}},"loc":{"start":{"line":34,"column":57},"end":{"line":41,"column":1}},"line":34},"5":{"name":"listDeleteAll","decl":{"start":{"line":43,"column":16},"end":{"line":43,"column":29}},"loc":{"start":{"line":43,"column":43},"end":{"line":47,"column":1}},"line":43},"6":{"name":"listInsertAt","decl":{"start":{"line":49,"column":16},"end":{"line":49,"column":28}},"loc":{"start":{"line":49,"column":64},"end":{"line":54,"column":1}},"line":49},"7":{"name":"listReplaceAt","decl":{"start":{"line":56,"column":16},"end":{"line":56,"column":29}},"loc":{"start":{"line":56,"column":65},"end":{"line":63,"column":1}},"line":56},"8":{"name":"listGetItem","decl":{"start":{"line":65,"column":16},"end":{"line":65,"column":27}},"loc":{"start":{"line":65,"column":56},"end":{"line":73,"column":1}},"line":65},"9":{"name":"listIndexOfValue","decl":{"start":{"line":75,"column":16},"end":{"line":75,"column":32}},"loc":{"start":{"line":75,"column":53},"end":{"line":85,"column":1}},"line":75},"10":{"name":"(anonymous_10)","decl":{"start":{"line":82,"column":25},"end":{"line":82,"column":26}},"loc":{"start":{"line":82,"column":35},"end":{"line":82,"column":55}},"line":82},"11":{"name":"listLength","decl":{"start":{"line":87,"column":16},"end":{"line":87,"column":26}},"loc":{"start":{"line":87,"column":40},"end":{"line":90,"column":1}},"line":87},"12":{"name":"listContains","decl":{"start":{"line":92,"column":16},"end":{"line":92,"column":28}},"loc":{"start":{"line":92,"column":49},"end":{"line":99,"column":1}},"line":92},"13":{"name":"(anonymous_13)","decl":{"start":{"line":98,"column":19},"end":{"line":98,"column":20}},"loc":{"start":{"line":98,"column":29},"end":{"line":98,"column":49}},"line":98},"14":{"name":"listBlocklyParam","decl":{"start":{"line":102,"column":16},"end":{"line":102,"column":32}},"loc":{"start":{"line":102,"column":62},"end":{"line":109,"column":1}},"line":102},"15":{"name":"evalListParam","decl":{"start":{"line":111,"column":16},"end":{"line":111,"column":29}},"loc":{"start":{"line":111,"column":59},"end":{"line":117,"column":1}},"line":111},"16":{"name":"evalListIndex","decl":{"start":{"line":119,"column":16},"end":{"line":119,"column":29}},"loc":{"start":{"line":119,"column":59},"end":{"line":126,"column":1}},"line":119},"17":{"name":"blocklyListNodeToEvaluatorBlock","decl":{"start":{"line":129,"column":16},"end":{"line":129,"column":47}},"loc":{"start":{"line":129,"column":54},"end":{"line":165,"column":1}},"line":129}},"branchMap":{"0":{"loc":{"start":{"line":8,"column":9},"end":{"line":8,"column":52}},"type":"binary-expr","locations":[{"start":{"line":8,"column":9},"end":{"line":8,"column":40}},{"start":{"line":8,"column":44},"end":{"line":8,"column":52}}],"line":8},"1":{"loc":{"start":{"line":8,"column":16},"end":{"line":8,"column":32}},"type":"binary-expr","locations":[{"start":{"line":8,"column":16},"end":{"line":8,"column":20}},{"start":{"line":8,"column":24},"end":{"line":8,"column":32}}],"line":8},"2":{"loc":{"start":{"line":13,"column":2},"end":{"line":13,"column":35}},"type":"if","locations":[{"start":{"line":13,"column":2},"end":{"line":13,"column":35}},{"start":{},"end":{}}],"line":13},"3":{"loc":{"start":{"line":21,"column":54},"end":{"line":21,"column":82}},"type":"default-arg","locations":[{"start":{"line":21,"column":80},"end":{"line":21,"column":82}}],"line":21},"4":{"loc":{"start":{"line":21,"column":56},"end":{"line":21,"column":75}},"type":"default-arg","locations":[{"start":{"line":21,"column":70},"end":{"line":21,"column":75}}],"line":21},"5":{"loc":{"start":{"line":23,"column":2},"end":{"line":23,"column":39}},"type":"if","locations":[{"start":{"line":23,"column":2},"end":{"line":23,"column":39}},{"start":{},"end":{}}],"line":23},"6":{"loc":{"start":{"line":25,"column":2},"end":{"line":25,"column":58}},"type":"if","locations":[{"start":{"line":25,"column":2},"end":{"line":25,"column":58}},{"start":{},"end":{}}],"line":25},"7":{"loc":{"start":{"line":25,"column":6},"end":{"line":25,"column":40}},"type":"binary-expr","locations":[{"start":{"line":25,"column":6},"end":{"line":25,"column":17}},{"start":{"line":25,"column":21},"end":{"line":25,"column":40}}],"line":25},"8":{"loc":{"start":{"line":26,"column":2},"end":{"line":26,"column":54}},"type":"if","locations":[{"start":{"line":26,"column":2},"end":{"line":26,"column":54}},{"start":{},"end":{}}],"line":26},"9":{"loc":{"start":{"line":26,"column":6},"end":{"line":26,"column":40}},"type":"binary-expr","locations":[{"start":{"line":26,"column":6},"end":{"line":26,"column":18}},{"start":{"line":26,"column":22},"end":{"line":26,"column":40}}],"line":26},"10":{"loc":{"start":{"line":37,"column":2},"end":{"line":37,"column":20}},"type":"if","locations":[{"start":{"line":37,"column":2},"end":{"line":37,"column":20}},{"start":{},"end":{}}],"line":37},"11":{"loc":{"start":{"line":39,"column":2},"end":{"line":39,"column":32}},"type":"if","locations":[{"start":{"line":39,"column":2},"end":{"line":39,"column":32}},{"start":{},"end":{}}],"line":39},"12":{"loc":{"start":{"line":45,"column":2},"end":{"line":46,"column":29}},"type":"if","locations":[{"start":{"line":45,"column":2},"end":{"line":46,"column":29}},{"start":{"line":46,"column":7},"end":{"line":46,"column":29}}],"line":45},"13":{"loc":{"start":{"line":52,"column":2},"end":{"line":52,"column":32}},"type":"if","locations":[{"start":{"line":52,"column":2},"end":{"line":52,"column":32}},{"start":{},"end":{}}],"line":52},"14":{"loc":{"start":{"line":59,"column":2},"end":{"line":59,"column":20}},"type":"if","locations":[{"start":{"line":59,"column":2},"end":{"line":59,"column":20}},{"start":{},"end":{}}],"line":59},"15":{"loc":{"start":{"line":61,"column":2},"end":{"line":61,"column":32}},"type":"if","locations":[{"start":{"line":61,"column":2},"end":{"line":61,"column":32}},{"start":{},"end":{}}],"line":61},"16":{"loc":{"start":{"line":68,"column":2},"end":{"line":68,"column":23}},"type":"if","locations":[{"start":{"line":68,"column":2},"end":{"line":68,"column":23}},{"start":{},"end":{}}],"line":68},"17":{"loc":{"start":{"line":70,"column":2},"end":{"line":70,"column":35}},"type":"if","locations":[{"start":{"line":70,"column":2},"end":{"line":70,"column":35}},{"start":{},"end":{}}],"line":70},"18":{"loc":{"start":{"line":72,"column":9},"end":{"line":72,"column":33}},"type":"cond-expr","locations":[{"start":{"line":72,"column":24},"end":{"line":72,"column":26}},{"start":{"line":72,"column":29},"end":{"line":72,"column":33}}],"line":72},"19":{"loc":{"start":{"line":78,"column":2},"end":{"line":78,"column":38}},"type":"if","locations":[{"start":{"line":78,"colu
[...]
tart":{"line":184,"column":43},"end":{"line":184,"column":56}}],"line":184},"48":{"loc":{"start":{"line":184,"column":27},"end":{"line":184,"column":40}},"type":"binary-expr","locations":[{"start":{"line":184,"column":27},"end":{"line":184,"column":31}},{"start":{"line":184,"column":35},"end":{"line":184,"column":40}}],"line":184},"49":{"loc":{"start":{"line":184,"column":43},"end":{"line":184,"column":56}},"type":"binary-expr","locations":[{"start":{"line":184,"column":43},"end":{"line":184,"column":47}},{"start":{"line":184,"column":51},"end":{"line":184,"column":56}}],"line":184},"50":{"loc":{"start":{"line":187,"column":33},"end":{"line":187,"column":50}},"type":"binary-expr","locations":[{"start":{"line":187,"column":33},"end":{"line":187,"column":40}},{"start":{"line":187,"column":44},"end":{"line":187,"column":50}}],"line":187},"51":{"loc":{"start":{"line":188,"column":34},"end":{"line":188,"column":53}},"type":"binary-expr","locations":[{"start":{"line":188,"column":34},"end":{"line":188,"column":42}},{"start":{"line":188,"column":46},"end":{"line":188,"column":53}}],"line":188},"52":{"loc":{"start":{"line":189,"column":13},"end":{"line":189,"column":26}},"type":"binary-expr","locations":[{"start":{"line":189,"column":13},"end":{"line":189,"column":17}},{"start":{"line":189,"column":21},"end":{"line":189,"column":26}}],"line":189},"53":{"loc":{"start":{"line":192,"column":20},"end":{"line":192,"column":98}},"type":"binary-expr","locations":[{"start":{"line":192,"column":20},"end":{"line":192,"column":28}},{"start":{"line":192,"column":32},"end":{"line":192,"column":98}}],"line":192},"54":{"loc":{"start":{"line":192,"column":40},"end":{"line":192,"column":68}},"type":"binary-expr","locations":[{"start":{"line":192,"column":40},"end":{"line":192,"column":52}},{"start":{"line":192,"column":56},"end":{"line":192,"column":68}}],"line":192},"55":{"loc":{"start":{"line":203,"column":51},"end":{"line":203,"column":70}},"type":"binary-expr","locations":[{"start":{"line":203,"column":51},"end":{"line":203,"column":58}},{"start":{"line":203,"column":62},"end":{"line":203,"column":70}}],"line":203},"56":{"loc":{"start":{"line":204,"column":13},"end":{"line":204,"column":32}},"type":"binary-expr","locations":[{"start":{"line":204,"column":13},"end":{"line":204,"column":26}},{"start":{"line":204,"column":30},"end":{"line":204,"column":32}}],"line":204},"57":{"loc":{"start":{"line":208,"column":28},"end":{"line":208,"column":51}},"type":"binary-expr","locations":[{"start":{"line":208,"column":28},"end":{"line":208,"column":36}},{"start":{"line":208,"column":40},"end":{"line":208,"column":51}}],"line":208},"58":{"loc":{"start":{"line":217,"column":2},"end":{"line":246,"column":3}},"type":"switch","locations":[{"start":{"line":218,"column":4},"end":{"line":219,"column":25}},{"start":{"line":220,"column":4},"end":{"line":221,"column":27}},{"start":{"line":222,"column":4},"end":{"line":222,"column":19}},{"start":{"line":223,"column":4},"end":{"line":224,"column":26}},{"start":{"line":225,"column":4},"end":{"line":226,"column":26}},{"start":{"line":227,"column":4},"end":{"line":228,"column":43}},{"start":{"line":229,"column":4},"end":{"line":230,"column":43}},{"start":{"line":231,"column":4},"end":{"line":232,"column":43}},{"start":{"line":233,"column":4},"end":{"line":234,"column":25}},{"start":{"line":235,"column":4},"end":{"line":236,"column":27}},{"start":{"line":237,"column":4},"end":{"line":237,"column":15}},{"start":{"line":238,"column":4},"end":{"line":239,"column":25}},{"start":{"line":240,"column":4},"end":{"line":240,"column":16}},{"start":{"line":241,"column":4},"end":{"line":242,"column":21}},{"start":{"line":243,"column":4},"end":{"line":243,"column":17}},{"start":{"line":244,"column":4},"end":{"line":245,"column":27}}],"line":217},"59":{"loc":{"start":{"line":217,"column":17},"end":{"line":217,"column":30}},"type":"binary-expr","locations":[{"start":{"line":217,"column":17},"end":{"line":217,"column":19}},{"start":{"line":217,"column":23},"end":{"line":217,"column":30}}],"line":217},"60":{"loc":{"start":{"line":251,"column":2},"end":{"line":251,"column":71}},"type":"if","locations":[{"start":{"line":251,"column":2},"end":{"line":251,"column":71}},{"start":{},"end":{}}],"line":251},"61":{"loc":{"start":{"line":253,"column":12},"end":{"line":253,"column":29}},"type":"binary-expr","locations":[{"start":{"line":253,"column":12},"end":{"line":253,"column":23}},{"start":{"line":253,"column":27},"end":{"line":253,"column":29}}],"line":253},"62":{"loc":{"start":{"line":255,"column":2},"end":{"line":255,"column":55}},"type":"if","locations":[{"start":{"line":255,"column":2},"end":{"line":255,"column":55}},{"start":{},"end":{}}],"line":255},"63":{"loc":{"start":{"line":257,"column":24},"end":{"line":257,"column":42}},"type":"default-arg","locations":[{"start":{"line":257,"column":35},"end":{"line":257,"column":42}}],"line":257},"64":{"loc":{"start":{"line":258,"column":21},"end":{"line":258,"column":34}},"type":"binary-expr","locations":[{"start":{"line":258,"column":21},"end":{"line":258,"column":22}},{"start":{"line":258,"column":26},"end":{"line":258,"column":34}}],"line":258},"65":{"loc":{"start":{"line":259,"column":11},"end":{"line":259,"column":55}},"type":"cond-expr","locations":[{"start":{"line":259,"column":39},"end":{"line":259,"column":45}},{"start":{"line":259,"column":48},"end":{"line":259,"column":55}}],"line":259},"66":{"loc":{"start":{"line":259,"column":11},"end":{"line":259,"column":36}},"type":"binary-expr","locations":[{"start":{"line":259,"column":11},"end":{"line":259,"column":23}},{"start":{"line":259,"column":27},"end":{"line":259,"column":36}}],"line":259},"67":{"loc":{"start":{"line":262,"column":2},"end":{"line":389,"column":3}},"type":"switch","locations":[{"start":{"line":263,"column":4},"end":{"line":263,"column":24}},{"start":{"line":264,"column":4},"end":{"line":272,"column":8}},{"start":{"line":273,"column":4},"end":{"line":277,"column":8}},{"start":{"line":278,"column":4},"end":{"line":278,"column":29}},{"start":{"line":279,"column":4},"end":{"line":287,"column":8}},{"start":{"line":288,"column":4},"end":{"line":292,"column":8}},{"start":{"line":293,"column":4},"end":{"line":293,"column":27}},{"start":{"line":294,"column":4},"end":{"line":298,"column":8}},{"start":{"line":299,"column":4},"end":{"line":299,"column":26}},{"start":{"line":300,"column":4},"end":{"line":304,"column":8}},{"start":{"line":305,"column":4},"end":{"line":309,"column":8}},{"start":{"line":310,"column":4},"end":{"line":314,"column":8}},{"start":{"line":315,"column":4},"end":{"line":325,"column":5}},{"start":{"line":326,"column":4},"end":{"line":330,"column":8}},{"start":{"line":331,"column":4},"end":{"line":335,"column":8}},{"start":{"line":336,"column":4},"end":{"line":340,"column":8}},{"start":{"line":341,"column":4},"end":{"line":351,"column":8}},{"start":{"line":352,"column":4},"end":{"line":361,"column":8}},{"start":{"line":362,"column":4},"end":{"line":366,"column":8}},{"start":{"line":367,"column":4},"end":{"line":371,"column":8}},{"start":{"line":372,"column":4},"end":{"line":376,"column":8}},{"start":{"line":377,"column":4},"end":{"line":381,"column":8}},{"start":{"line":382,"column":4},"end":{"line":386,"column":8}},{"start":{"line":387,"column":4},"end":{"line":388,"column":18}}],"line":262},"68":{"loc":{"start":{"line":268,"column":13},"end":{"line":268,"column":31}},"type":"binary-expr","locations":[{"start":{"line":268,"column":13},"end":{"line":268,"column":19}},{"start":{"line":268,"column":23},"end":{"line":268,"column":26}},{"start":{"line":268,"column":30},"end":{"line":268,"column":31}}],"line":268},"69":{"loc":{"start":{"line":269,"column":13},"end":{"line":269,"column":31}},"type":"binary-expr","locations":[{"start":{"line":269,"column":13},"end":{"line":269,"column":19}},{"start":{"line":269,"column":23},"end":{"line":269,"column":26}},{"start":{"line":269,"column":30},"end":{"line":269,"column":31}}],"line":269},"70":{"loc":{"start":{"line":270,"column":14},"end":{"line":270,"column":61}},"type":"cond-expr","locations":[{"start":{"line":270,"column":52},"end":{"line":270,"column":55}},{"start":{"line":270,"column":58},"end":{"line":270,"column":61}}],"line":270},"71":{"loc":{"start":{"line":270,"column":14},"end":{"line":270,"column":49}},"type":"binary-expr","locations":[{"start":{"line":270,"column":14},"end":{"line":270,"column":33}},{"start":{"line":270,"column":37},"end":{"line":270,"column":49}}],"line":270},"72":{"loc":{"start":{"line":276,"column":21},"end":{"line":276,"column":32}},"type":"binary-expr","locations":[{"start":{"line":276,"column":21},"end":{"line":276,"column":27}},{"start":{"line":276,"column":31},"end":{"line":276,"column":32}}],"line":276},"73":{"loc":{"start":{"line":276,"column":37},"end":{"line":276,"column":48}},"type":"binary-expr","locations":[{"start":{"line":276,"column":37},"end":{"line":276,"column":43}},{"start":{"line":276,"column":47},"end":{"line":276,"column":48}}],"line":276},"74":{"loc":{"start":{"line":283,"column":13},"end":{"line":283,"column":31}},"type":"binary-expr","locations":[{"start":{"line":283,"column":13},"end":{"line":283,"column":19}},{"start":{"line":283,"column":23},"end":{"line":283,"column":26}},{"start":{"line":283,"column":30},"end":{"line":283,"column":31}}],"line":283},"75":{"loc":{"start":{"line":284,"column":13},"end":{"line":284,"column":31}},"type":"binary-expr","locations":[{"start":{"line":284,"column":13},"end":{"line":284,"column":19}},{"start":{"line":284,"column":23},"end":{"line":284,"column":26}},{"start":{"line":284,"column":30},"end":{"line":284,"column":31}}],"line":284},"76":{"loc":{"start":{"line":285,"column":14},"end":{"line":285,"column":75}},"type":"cond-expr","locations":[{"start":{"line":285,"column":66},"end":{"line":285,"column":69}},{"start":{"line":285,"column":72},"end":{"line":285,"column":75}}],"line":285},"77":{"loc":{"start":{"line":285,"column":14},"end":{"line":285,"column":63}},"type":"binary-expr","locations":[{"start":{"line":285,"column":14},"end":{"line":285,"column":31}},{"start":{"line":285,"column":35},"end":{"line":285,"column":47}},{"start":{"line":285,"column":51},"end":{"line":285,"column":63}}],"line":285},"78":{"loc":{"start":{"line":291,"column":21},"end":{"line":291,"column":32}},"type":"binary-expr","locations":[{"start":{"line":291,"column":21},"end":{"line":291,"column":27}},{"start":{"line":291,"column":31},"end":{"line":291,"column":32}}],"line":291},"79":{"loc":{"start":{"line":291,"column":37},"end":{"line":291,"column":48}},"type":"binary-expr","locations":[{"start":{"line":291,"column":37},"end":{"line":291,"column":43}},{"start":{"line":291,"column":47},"end":{"line":291,"column":48}}],"line":291},"80":{"loc":{"start":{"line":297,"column":23},"end":{"line":297,"column":43}},"type":"binary-expr","locations":[{"start":{"line":297,"column":23},"end":{"line":297,"column":29}},{"start":{"line":297,"column":33},"end":{"line":297,"column":38}},{"start":{"line":297,"column":42},"end":{"line":297,"column":43}}],"line":297},"81":{"loc":{"start":{"line":297,"column":50},"end":{"line":297,"column":70}},"type":"binary-expr","locations":[{"start":{"line":297,"column":50},"end":{"line":297,"column":54}},{"start":{"line":297,"column":58},"end":{"line":297,"column":63}},{"start":{"line":297,"column":67},"end":{"line":297,"column":70}}],"line":297},"82":{"loc":{"start":{"line":303,"column":22},"end":{"line":303,"column":46}},"type":"binary-expr","locations":[{"start":{"line":303,"column":22},"end":{"line":303,"column":26}},{"start":{"line":303,"column":30},"end":{"line":303,"column":35}},{"start":{"line":303,"column":39},"end":{"line":303,"column":46}}],"line":303},"83":{"loc":{"start":{"line":303,"column":55},"end":{"line":303,"column":76}},"type":"binary-expr","locations":[{"start":{"line":303,"column":55},"end":{"line":303,"column":60}},{"start":{"line":303,"column":64},"end":{"line":303,"column":71}},{"start":{"line":303,"column":75},"end":{"line":303,"column":76}}],"line":303},"84":{"loc":{"start":{"line":308,"column":22},"end":{"line":308,"column":41}},"type":"binary-expr","locations":[{"start":{"line":308,"column":22},"end":{"line":308,"column":32}},{"start":{"line":308,"column":36},"end":{"line":308,"column":41}}],"line":308},"85":{"loc":{"start":{"line":308,"column":50},"end":{"line":308,"column":60}},"type":"binary-expr","locations":[{"start":{"line":308,"column":50},"end":{"line":308,"column":55}},{"start":{"line":308,"column":59},"end":{"line":308,"column":60}}],"line":308},"86":{"loc":{"start":{"line":313,"column":21},"end":{"line":313,"column":32}},"type":"binary-expr","locations":[{"start":{"line":313,"column":21},"end":{"line":313,"column":27}},{"start":{"line":313,"column":31},"end":{"line":313,"column":32}}],"line":313},"87":{"loc":{"start":{"line":313,"column":37},"end":{"line":313,"column":48}},"type":"binary-expr","locations":[{"start":{"line":313,"column":37},"end":{"line":313,"column":43}},{"start":{"line":313,"column":47},"end":{"line":313,"column":48}}],"line":313},"88":{"loc":{"start":{"line":320,"column":16},"end":{"line":320,"column":31}},"type":"binary-expr","locations":[{"start":{"line":320,"column":16},"end":{"line":320,"column":26}},{"start":{"line":320,"column":30},"end":{"line":320,"column":31}}],"line":320},"89":{"loc":{"start":{"line":321,"column":17},"end":{"line":321,"column":32}},"type":"binary-expr","locations":[{"start":{"line":321,"column":17},"end":{"line":321,"column":27}},{"start":{"line":321,"column":31},"end":{"line":321,"column":32}}],"line":321},"90":{"loc":{"start":{"line":322,"column":14},"end":{"line":322,"column":52}},"type":"binary-expr","locations":[{"start":{"line":322,"column":14},"end":{"line":322,"column":31}},{"start":{"line":322,"column":35},"end":{"line":322,"column":45}},{"start":{"line":322,"column":49},"end":{"line":322,"column":52}}],"line":322},"91":{"loc":{"start":{"line":329,"column":24},"end":{"line":329,"column":39}},"type":"binary-expr","locations":[{"start":{"line":329,"column":24},"end":{"line":329,"column":34}},{"start":{"line":329,"column":38},"end":{"line":329,"column":39}}],"line":329},"92":{"loc":{"start":{"line":329,"column":48},"end":{"line":329,"column":63}},"type":"binary-expr","locations":[{"start":{"line":329,"column":48},"end":{"line":329,"column":58}},{"start":{"line":329,"column":62},"end":{"line":329,"column":63}}],"line":329},"93":{"loc":{"start":{"line":334,"column":24},"end":{"line":334,"column":39}},"type":"binary-expr","locations":[{"start":{"line":334,"column":24},"end":{"line":334,"column":34}},{"start":{"line":334,"column":38},"end":{"line":334,"column":39}}],"line":334},"94":{"loc":{"start":{"line":334,"column":48},"end":{"line":334,"column":63}},"type":"binary-expr","locations":[{"start":{"line":334,"column":48},"end":{"line":334,"column":58}},{"start":{"line":334,"column":62},"end":{"line":334,"column":63}}],"line":334},"95":{"loc":{"start":{"line":339,"column":24},"end":{"line":339,"column":39}},"type":"binary-expr","locations":[{"start":{"line":339,"column":24},"end":{"line":339,"column":34}},{"start":{"line":339,"column":38},"end":{"line":339,"column":39}}],"line":339},"96":{"loc":{"start":{"line":339,"column":48},"end":{"line":339,"column":63}},"type":"binary-expr","locations":[{"start":{"line":339,"column":48},"end":{"line":339,"column":58}},{"start":{"line":339,"column":62},"end":{"line":339,"column":63}}],"line":339},"97":{"loc":{"start":{"line":345,"column":14},"end":{"line":345,"column":33}},"type":"binary-expr","locations":[{"start":{"line":345,"column":14},"end":{"line":345,"column":24}},{"start":{"line":345,"column":28},"end":{"line":345,"column":33}}],"line":345},"98":{"loc":{"start":{"line":370,"column":21},"end":{"line":370,"column":41}},"type":"binary-expr","locations":[{"start":{"line":370,"column":21},"end":{"line":370,"column":30}},{"start":{"line":370,"column":34},"end":{"line":370,"column":41}}],"line":370},"99":{"loc":{"start":{"line":370,"column":46},"end":{"line":370,"column":66}},"type":"binary-expr","locations":[{"start":{"line":370,"column":46},"end":{"line":370,"column":55}},{"start":{"line":370,"column":59},"end":{"line":370,"column":66}}],"line":370},"100":{"loc":{"start":{"line":375,"column":24},"end":{"line":375,"column":38}},"type":"binary-expr","locations":[{"start":{"line":375,"column":24},"end":{"line":375,"column":32}},{"start":{"line":375,"column":36},"end":{"line":375,"column":38}}],"line":375},"101":{"loc":{"start":{"line":380,"column":26},"end":{"line":380,"column":39}},"type":"binary-expr","locations":[{"start":{"line":380,"column":26},"end":{"line":380,"column":34}},{"start":{"line":380,"column":38},"end":{"line":380,"column":39}}],"line":380},"102":{"loc":{"start":{"line":380,"column":47},"end":{"line":380,"column":65}},"type":"binary-expr","locations":[{"start":{"line":380,"column":47},"end":{"line":380,"column":55}},{"start":{"line":380,"column":59},"end":{"line":380,"column":65}}],"line":380},"103":{"loc":{"start":{"line":385,"column":24},"end":{"line":385,"column":39}},"type":"binary-expr","locations":[{"start":{"line":385,"column":24},"end":{"line":385,"column":33}},{"start":{"line":385,"column":37},"end":{"line":385,"column":39}}],"line":385},"104":{"loc":{"start":{"line":385,"column":49},"end":{"line":385,"column":64}},"type":"binary-expr","locations":[{"start":{"line":385,"column":49},"end":{"line":385,"column":58}},{"start":{"line":385,"column":62},"end":{"line":385,"column":64}}],"line":385}},"s":{"0":1,"1":1,"2":0,"3":0,"4":0,"5":0,"6":0,"7":0,"8":0,"9":0,"10":0,"11":0,"12":0,"13":0,"14":0,"15":0,"16":0,"17":0,"18":0,"19":0,"20":0,"21":0,"22":0,"23":0,"24":0,"25":0,"26":0,"27":0,"28":0,"29":0,"30":0,"31":0,"32":0,"33":0,"34":0,"35":0,"36":0,"37":0,"38":0,"39":0,"40":0,"41":0,"42":0,"43":0,"44":0,"45":0,"46":0,"47":0,"48":0,"49":0,"50":0,"51":0,"52":0,"53":0,"54":0,"55":0,"56":0,"57":0,"58":0,"59":0,"60":0,"61":0,"62":0,"63":0,"64":0,"65":0,"66":0,"67":0,"68":0,"69":0,"70":0,"71":0,"72":0,"73":0,"74":0,"75":0,"76":0,"77":0,"78":0,"79":0,"80":0,"81":0,"82":0,"83":0,"84":0,"85":0,"86":0,"87":0,"88":0,"89":0,"90":0,"91":0,"92":0,"93":0,"94":0,"95":0,"96":0,"97":0,"98":0,"99":0,"100":0,"101":0,"102":0,"103":0,"104":0,"105":0,"106":0,"107":0,"108":0,"109":0,"110":0,"111":0,"112":0,"113":0,"114":0,"115":0,"116":0,"117":0,"118":0,"119":0,"120":0,"121":0,"122":0,"123":0,"124":0,"125":0,"126":0,"127":0,"128":0,"129":0,"130":0,"131":0,"132":0,"133":0,"134":0,"135":0},"f":{"0":0,"1":0,"2":0,"3":0,"4":0,"5":0,"6":0,"7":0,"8":0,"9":0,"10":0,"11":0},"b":{"0":[0],"1":[0,0],"2":[0,0],"3":[0,0],"4":[0,0,0],"5":[0,0],"6":[0],"7":[0,0],"8":[0,0],"9":[0,0,0],"10":[0,0],"11":[0,0],"12":[0,0],"13":[0,0],"14":[0,0,0],"15":[0,0],"16":[0,0],"17":[0,0],"18":[0],"19":[0],"20":[0,0],"21":[0,0,0],"22":[0,0],"23":[0,0,0],"24":[0,0],"25":[0,0,0],"26":[0,0],"27":[0,0],"28":[0,0],"29":[0,0],"30":[0,0],"31":[0,0,0,0,0,0,0,0,0,0,0,0,0,0,0,0,0],"32":[0,0],"33":[0,0],"34":[0,0],"35":[0,0],"36":[0,0],"37":[0,0,0],"38":[0,0],"39":[0,0],"40":[0,0],"41":[0,0,0],"42":[0,0],"43":[0,0,0,0,0,0,0,0,0,0,0,0,0,0],"44":[0,0,0],"45":[0,0],"46":[0,0],"47":[0,0],"48":[0,0],"49":[0,0],"50":[0,0],"51":[0,0],"52":[0,0],"53":[0,0],"54":[0,0],"55":[0,0],"56":[0,0],"57":[0,0],"58":[0,0,0,0,0,0,0,0,0,0,0,0,0,0,0,0],"59":[0,0],"60":[0,0],"61":[0,0],"62":[0,0],"63":[0],"64":[0,0],"65":[0,0],"66":[0,0],"67":[0,0,0,0,0,0,0,0,0,0,0,0,0,0,0,0,0,0,0,0,0,0,0,0],"68":[0,0,0],"69":[0,0,0],"70":[0,0],"71":[0,0],"72":[0,0],"73":[0,0],"74":[0,0,0],"75":[0,0,0],"76":[0,0],"77":[0,0,0],"78":[0,0],"79":[0,0],"80":[0,0,0],"81":[0,0,0],"82":[0,0,0],"83":[0,0,0],"84":[0,0],"85":[0,0],"86":[0,0],"87":[0,0],"88":[0,0],"89":[0,0],"90":[0,0,0],"91":[0,0],"92":[0,0],"93":[0,0],"94":[0,0],"95":[0,0],"96":[0,0],"97":[0,0],"98":[0,0],"99":[0,0],"100":[0,0],"101":[0,0],"102":[0,0],"103":[0,0],"104":[0,0]},"_coverageSchema":"1a1c01bbd47fc00a2c39e90264f33305004495a9","hash":"acef333da3e6c154b83a3566bbbab36783fec0ee"}
}
