TN:
SF:src/data/stageLookOptions.js
FN:47,toBlocklyDropdown
FN:48,(anonymous_1)
FNF:2
FNH:2
FNDA:2,toBlocklyDropdown
FNDA:33,(anonymous_1)
DA:2,1
DA:26,1
DA:43,1
DA:44,1
DA:48,33
DA:51,1
DA:52,1
LF:7
LH:7
BRF:0
BRH:0
end_of_record
TN:
SF:src/utils/blocks.jsx
FN:647,shortTypeToBlocklyType
FN:798,readBlocklyFieldOrValue
FN:816,blocklyTypeToGameType
FN:828,resolveBlocklyNodeType
FN:860,createBlockFromDrop
FN:875,pathInputPill
FN:879,pathInputHex
FN:885,ParamInput
FN:908,(anonymous_8)
FN:909,(anonymous_9)
FN:910,(anonymous_10)
FN:931,ParamSelect
FN:954,(anonymous_12)
FN:955,(anonymous_13)
FN:956,(anonymous_14)
FN:975,(anonymous_15)
FN:984,BlockContent
FN:989,(anonymous_17)
FN:995,(anonymous_18)
FN:1017,(anonymous_19)
FN:1037,(anonymous_20)
FN:1106,(anonymous_21)
FN:1107,(anonymous_22)
FN:1172,(anonymous_23)
FNF:24
FNH:0
FNDA:0,shortTypeToBlocklyType
FNDA:0,readBlocklyFieldOrValue
FNDA:0,blocklyTypeToGameType
FNDA:0,resolveBlocklyNodeType
FNDA:0,createBlockFromDrop
FNDA:0,pathInputPill
FNDA:0,pathInputHex
FNDA:0,ParamInput
FNDA:0,(anonymous_8)
FNDA:0,(anonymous_9)
FNDA:0,(anonymous_10)
FNDA:0,ParamSelect
FNDA:0,(anonymous_12)
FNDA:0,(anonymous_13)
FNDA:0,(anonymous_14)
FNDA:0,(anonymous_15)
FNDA:0,BlockContent
FNDA:0,(anonymous_17)
FNDA:0,(anonymous_18)
FNDA:0,(anonymous_19)
FNDA:0,(anonymous_20)
FNDA:0,(anonymous_21)
FNDA:0,(anonymous_22)
FNDA:0,(anonymous_23)
DA:9,1
DA:357,1
DA:648,0
DA:649,0
DA:653,1
DA:799,0
DA:800,0
DA:801,0
DA:802,0
DA:804,0
DA:805,0
DA:806,0
DA:807,0
DA:808,0
DA:809,0
DA:810,0
DA:811,0
DA:813,0
DA:817,0
DA:818,0
DA:819,0
DA:820,0
DA:821,0
DA:822,0
DA:824,0
DA:829,0
DA:830,0
DA:831,0
DA:832,0
DA:833,0
DA:834,0
DA:836,0
DA:838,0
DA:839,0
DA:840,0
DA:841,0
DA:844,0
DA:846,0
DA:847,0
DA:848,0
DA:852,1
DA:861,0
DA:862,0
DA:863,0
DA:864,0
DA:867,0
DA:868,0
DA:869,0
DA:871,0
DA:876,0
DA:877,0
DA:880,0
DA:881,0
DA:886,0
DA:887,0
DA:888,0
DA:889,0
DA:890,0
DA:908,0
DA:909,0
DA:910,0
DA:932,0
DA:933,0
DA:934,0
DA:935,0
DA:936,0
DA:954,0
DA:955,0
DA:956,0
DA:976,0
DA:985,0
DA:986,0
DA:987,0
DA:988,0
DA:989,0
DA:990,0
DA:995,0
DA:1017,0
DA:1024,0
DA:1025,0
DA:1026,0
DA:1027,0
DA:1028,0
DA:1029,0
DA:1030,0
DA:1031,0
DA:1032,0
DA:1037,0
DA:1044,0
DA:1045,0
DA:1046,0
DA:1047,0
DA:1048,0
DA:1049,0
DA:1050,0
DA:1051,0
DA:1052,0
DA:1053,0
DA:1054,0
DA:1055,0
DA:1058,0
DA:1061,0
DA:1063,0
DA:1065,0
DA:1067,0
DA:1069,0
DA:1071,0
DA:1073,0
DA:1075,0
DA:1076,0
DA:1077,0
DA:1078,0
DA:1079,0
DA:1080,0
DA:1081,0
DA:1082,0
DA:1083,0
DA:1084,0
DA:1085,0
DA:1086,0
DA:1087,0
DA:1088,0
DA:1089,0
DA:1090,0
DA:1091,0
DA:1092,0
DA:1093,0
DA:1094,0
DA:1095,0
DA:1096,0
DA:1097,0
DA:1098,0
DA:1099,0
DA:1100,0
DA:1101,0
DA:1102,0
DA:1103,0
DA:1104,0
DA:1105,0
DA:1106,0
DA:1107,0
DA:1108,0
DA:1109,0
DA:1110,0
DA:1111,0
DA:1112,0
DA:1114,0
DA:1115,0
DA:1116,0
DA:1117,0
DA:1118,0
DA:1119,0
DA:1120,0
DA:1121,0
DA:1122,0
DA:1123,0
DA:1124,0
DA:1125,0
DA:1126,0
DA:1127,0
DA:1128,0
DA:1129,0
DA:1130,0
DA:1131,0
DA:1132,0
DA:1133,0
DA:1134,0
DA:1135,0
DA:1136,0
DA:1137,0
DA:1138,0
DA:1139,0
DA:1140,0
DA:1141,0
DA:1142,0
DA:1143,0
DA:1144,0
DA:1145,0
DA:1146,0
DA:1147,0
DA:1148,0
DA:1149,0
DA:1150,0
DA:1151,0
DA:1152,0
DA:1153,0
DA:1154,0
DA:1155,0
DA:1156,0
DA:1157,0
DA:1158,0
DA:1159,0
DA:1160,0
DA:1161,0
DA:1162,0
DA:1163,0
DA:1164,0
DA:1165,0
DA:1166,0
DA:1172,0
DA:1179,0
DA:1180,0
DA:1181,0
DA:1182,0
DA:1183,0
DA:1184,0
DA:1185,0
DA:1186,0
DA:1187,0
DA:1188,0
DA:1189,0
DA:1190,0
DA:1191,0
DA:1192,0
DA:1193,0
DA:1194,0
DA:1195,0
DA:1196,0
DA:1197,0
DA:1198,0
DA:1199,0
DA:1200,0
DA:1201,0
DA:1203,0
DA:1205,0
DA:1206,0
DA:1207,0
DA:1208,0
DA:1209,0
DA:1210,0
DA:1212,0
DA:1213,0
DA:1215,0
DA:1216,0
DA:1217,0
DA:1218,0
DA:1219,0
DA:1220,0
DA:1222,0
DA:1223,0
DA:1224,0
DA:1226,0
DA:1227,0
DA:1228,0
DA:1230,0
DA:1231,0
DA:1233,0
DA:1234,0
DA:1236,0
DA:1237,0
DA:1238,0
DA:1239,0
DA:1241,0
DA:1242,0
DA:1244,0
DA:1245,0
DA:1246,0
DA:1248,0
DA:1249,0
DA:1250,0
DA:1251,0
DA:1252,0
DA:1253,0
DA:1255,0
DA:1256,0
DA:1257,0
DA:1258,0
DA:1259,0
DA:1260,0
DA:1261,0
DA:1262,0
DA:1263,0
DA:1265,0
DA:1266,0
DA:1267,0
DA:1268,0
DA:1269,0
DA:1271,0
DA:1272,0
DA:1273,0
DA:1274,0
DA:1275,0
DA:1277,0
DA:1278,0
DA:1280,0
DA:1281,0
DA:1282,0
DA:1283,0
DA:1284,0
DA:1285,0
DA:1287,0
DA:1288,0
DA:1289,0
DA:1291,0
DA:1292,0
DA:1293,0
DA:1294,0
DA:1296,0
DA:1297,0
DA:1298,0
DA:1300,0
DA:1301,0
DA:1302,0
LF:303
LH:4
BRDA:648,0,0,0
BRDA:648,0,1,0
BRDA:648,1,0,0
BRDA:648,1,1,0
BRDA:798,2,0,0
BRDA:799,3,0,0
BRDA:799,3,1,0
BRDA:802,4,0,0
BRDA:802,4,1,0
BRDA:802,5,0,0
BRDA:802,5,1,0
BRDA:804,6,0,0
BRDA:804,6,1,0
BRDA:805,7,0,0
BRDA:805,7,1,0
BRDA:806,8,0,0
BRDA:806,8,1,0
BRDA:807,9,0,0
BRDA:807,9,1,0
BRDA:807,10,0,0
BRDA:807,10,1,0
BRDA:808,11,0,0
BRDA:808,11,1,0
BRDA:808,12,0,0
BRDA:808,12,1,0
BRDA:809,13,0,0
BRDA:809,13,1,0
BRDA:809,14,0,0
BRDA:809,14,1,0
BRDA:810,15,0,0
BRDA:810,15,1,0
BRDA:810,16,0,0
BRDA:810,16,1,0
BRDA:811,17,0,0
BRDA:811,17,1,0
BRDA:811,17,2,0
BRDA:817,18,0,0
BRDA:817,18,1,0
BRDA:818,19,0,0
BRDA:818,19,1,0
BRDA:819,20,0,0
BRDA:819,20,1,0
BRDA:820,21,0,0
BRDA:820,21,1,0
BRDA:820,22,0,0
BRDA:820,22,1,0
BRDA:822,23,0,0
BRDA:822,23,1,0
BRDA:829,24,0,0
BRDA:829,24,1,0
BRDA:831,25,0,0
BRDA:831,25,1,0
BRDA:832,26,0,0
BRDA:832,26,1,0
BRDA:832,26,2,0
BRDA:834,27,0,0
BRDA:834,27,1,0
BRDA:836,28,0,0
BRDA:836,28,1,0
BRDA:836,29,0,0
BRDA:836,29,1,0
BRDA:836,30,0,0
BRDA:836,30,1,0
BRDA:838,31,0,0
BRDA:838,31,1,0
BRDA:838,32,0,0
BRDA:838,32,1,0
BRDA:840,33,0,0
BRDA:840,33,1,0
BRDA:846,34,0,0
BRDA:846,34,1,0
BRDA:846,34,2,0
BRDA:848,35,0,0
BRDA:848,35,1,0
BRDA:861,36,0,0
BRDA:861,36,1,0
BRDA:862,37,0,0
BRDA:862,37,1,0
BRDA:863,38,0,0
BRDA:863,38,1,0
BRDA:867,39,0,0
BRDA:867,39,1,0
BRDA:867,40,0,0
BRDA:867,40,1,0
BRDA:868,41,0,0
BRDA:868,41,1,0
BRDA:885,42,0,0
BRDA:886,43,0,0
BRDA:886,43,1,0
BRDA:889,44,0,0
BRDA:889,44,1,0
BRDA:931,45,0,0
BRDA:932,46,0,0
BRDA:932,46,1,0
BRDA:935,47,0,0
BRDA:935,47,1,0
BRDA:953,48,0,0
BRDA:953,48,1,0
BRDA:953,48,2,0
BRDA:975,49,0,0
BRDA:975,49,1,0
BRDA:984,50,0,0
BRDA:985,51,0,0
BRDA:985,51,1,0
BRDA:987,52,0,0
BRDA:987,52,1,0
BRDA:988,53,0,0
BRDA:988,53,1,0
BRDA:990,54,0,0
BRDA:990,54,1,0
BRDA:990,55,0,0
BRDA:990,55,1,0
BRDA:990,55,2,0
BRDA:990,55,3,0
BRDA:990,55,4,0
BRDA:990,55,5,0
BRDA:990,55,6,0
BRDA:990,55,7,0
BRDA:994,56,0,0
BRDA:994,56,1,0
BRDA:998,57,0,0
BRDA:998,57,1,0
BRDA:1000,58,0,0
BRDA:1000,58,1,0
BRDA:1002,59,0,0
BRDA:1002,59,1,0
BRDA:1004,60,0,0
BRDA:1004,60,1,0
BRDA:1006,61,0,0
BRDA:1006,61,1,0
BRDA:1008,62,0,0
BRDA:1008,62,1,0
BRDA:1016,63,0,0
BRDA:1016,63,1,0
BRDA:1024,64,0,0
BRDA:1024,64,1,0
BRDA:1024,64,2,0
BRDA:1024,64,3,0
BRDA:1024,64,4,0
BRDA:1024,64,5,0
BRDA:1024,64,6,0
BRDA:1024,64,7,0
BRDA:1024,64,8,0
BRDA:1024,64,9,0
BRDA:1024,64,10,0
BRDA:1024,64,11,0
BRDA:1024,64,12,0
BRDA:1024,64,13,0
BRDA:1024,64,14,0
BRDA:1024,64,15,0
BRDA:1024,64,16,0
BRDA:1024,64,17,0
BRDA:1024,64,18,0
BRDA:1024,64,19,0
BRDA:1024,64,20,0
BRDA:1024,64,21,0
BRDA:1024,64,22,0
BRDA:1024,64,23,0
BRDA:1024,64,24,0
BRDA:1024,64,25,0
BRDA:1024,64,26,0
BRDA:1024,64,27,0
BRDA:1024,64,28,0
BRDA:1024,64,29,0
BRDA:1024,64,30,0
BRDA:1024,64,31,0
BRDA:1024,64,32,0
BRDA:1024,64,33,0
BRDA:1024,64,34,0
BRDA:1024,64,35,0
BRDA:1024,64,36,0
BRDA:1024,64,37,0
BRDA:1024,64,38,0
BRDA:1024,64,39,0
BRDA:1024,64,40,0
BRDA:1024,64,41,0
BRDA:1024,64,42,0
BRDA:1024,64,43,0
BRDA:1024,64,44,0
BRDA:1024,64,45,0
BRDA:1024,64,46,0
BRDA:1024,64,47,0
BRDA:1024,64,48,0
BRDA:1024,64,49,0
BRDA:1024,64,50,0
BRDA:1024,64,51,0
BRDA:1024,64,52,0
BRDA:1024,64,53,0
BRDA:1024,64,54,0
BRDA:1024,64,55,0
BRDA:1024,64,56,0
BRDA:1024,64,57,0
BRDA:1024,64,58,0
BRDA:1024,64,59,0
BRDA:1024,64,60,0
BRDA:1024,64,61,0
BRDA:1024,64,62,0
BRDA:1024,64,63,0
BRDA:1024,64,64,0
BRDA:1024,64,65,0
BRDA:1024,64,66,0
BRDA:1024,64,67,0
BRDA:1024,64,68,0
BRDA:1024,64,69,0
BRDA:1024,64,70,0
BRDA:1024,64,71,0
BRDA:1024,64,72,0
BRDA:1024,64,73,0
BRDA:1024,64,74,0
BRDA:1024,64,75,0
BRDA:1024,64,76,0
BRDA:1024,64,77,0
BRDA:1024,64,78,0
BRDA:1024,64,79,0
BRDA:1024,64,80,0
BRDA:1024,64,81,0
BRDA:1024,64,82,0
BRDA:1024,64,83,0
BRDA:1024,64,84,0
BRDA:1024,64,85,0
BRDA:1024,64,86,0
BRDA:1024,64,87,0
BRDA:1024,64,88,0
BRDA:1024,64,89,0
BRDA:1024,64,90,0
BRDA:1024,64,91,0
BRDA:1024,64,92,0
BRDA:1024,64,93,0
BRDA:1024,64,94,0
BRDA:1024,64,95,0
BRDA:1024,64,96,0
BRDA:1024,64,97,0
BRDA:1024,64,98,0
BRDA:1024,64,99,0
BRDA:1024,64,100,0
BRDA:1024,64,101,0
BRDA:1024,64,102,0
BRDA:1024,64,103,0
BRDA:1024,64,104,0
BRDA:1024,64,105,0
BRDA:1024,64,106,0
BRDA:1024,64,107,0
BRDA:1024,64,108,0
BRDA:1024,64,109,0
BRDA:1024,64,110,0
BRDA:1024,64,111,0
BRDA:1024,64,112,0
BRDA:1024,64,113,0
BRDA:1024,64,114,0
BRDA:1024,64,115,0
BRDA:1024,64,116,0
BRDA:1024,64,117,0
BRDA:1024,64,118,0
BRDA:1024,64,119,0
BRDA:1024,64,120,0
BRDA:1024,64,121,0
BRDA:1024,64,122,0
BRDA:1024,64,123,0
BRDA:1024,64,124,0
BRDA:1024,64,125,0
BRDA:1024,64,126,0
BRDA:1024,64,127,0
BRDA:1024,64,128,0
BRDA:1024,64,129,0
BRDA:1024,64,130,0
BRDA:1024,64,131,0
BRDA:1024,64,132,0
BRDA:1024,64,133,0
BRDA:1024,64,134,0
BRDA:1024,64,135,0
BRDA:1024,64,136,0
BRDA:1024,64,137,0
BRDA:1024,64,138,0
BRDA:1024,64,139,0
BRDA:1024,64,140,0
BRDA:1024,64,141,0
BRDA:1024,64,142,0
BRDA:1024,64,143,0
BRDA:1024,64,144,0
BRDA:1024,64,145,0
BRDA:1024,64,146,0
BRDA:1024,64,147,0
BRDA:1024,64,148,0
BRDA:1024,64,149,0
BRDA:1024,64,150,0
BRDA:1024,64,151,0
BRDA:1024,64,152,0
BRDA:1024,64,153,0
BRDA:1024,64,154,0
BRDA:1024,64,155,0
BRDA:1024,64,156,0
BRDA:1024,64,157,0
BRDA:1024,64,158,0
BRDA:1024,64,159,0
BRDA:1024,64,160,0
BRDA:1024,64,161,0
BRDA:1024,64,162,0
BRDA:1024,64,163,0
BRDA:1024,64,164,0
BRDA:1024,64,165,0
BRDA:1024,64,166,0
BRDA:1024,64,167,0
BRDA:1024,64,168,0
BRDA:1024,64,169,0
BRDA:1024,64,170,0
BRDA:1024,64,171,0
BRDA:1024,64,172,0
BRDA:1024,64,173,0
BRDA:1024,64,174,0
BRDA:1024,64,175,0
BRDA:1024,64,176,0
BRDA:1024,64,177,0
BRDA:1024,64,178,0
BRDA:1024,64,179,0
BRDA:1024,64,180,0
BRDA:1024,64,181,0
BRDA:1024,64,182,0
BRDA:1024,64,183,0
BRDA:1024,64,184,0
BRDA:1024,64,185,0
BRDA:1024,64,186,0
BRDA:1024,64,187,0
BRDA:1024,64,188,0
BRDA:1024,64,189,0
BRDA:1024,64,190,0
BRDA:1024,64,191,0
BRDA:1024,64,192,0
BRDA:1024,64,193,0
BRDA:1024,64,194,0
BRDA:1024,64,195,0
BRDA:1024,64,196,0
BRDA:1024,64,197,0
BRDA:1024,64,198,0
BRDA:1024,64,199,0
BRDA:1024,64,200,0
BRDA:1024,64,201,0
BRDA:1024,64,202,0
BRDA:1024,64,203,0
BRDA:1024,64,204,0
BRDA:1024,64,205,0
BRDA:1024,64,206,0
BRDA:1024,64,207,0
BRDA:1024,64,208,0
BRDA:1024,64,209,0
BRDA:1024,64,210,0
BRDA:1024,64,211,0
BRDA:1024,64,212,0
BRDA:1024,64,213,0
BRDA:1024,64,214,0
BRDA:1024,64,215,0
BRDA:1024,64,216,0
BRDA:1024,64,217,0
BRDA:1024,64,218,0
BRDA:1024,64,219,0
BRDA:1024,64,220,0
BRDA:1024,64,221,0
BRDA:1024,64,222,0
BRDA:1024,64,223,0
BRDA:1024,64,224,0
BRDA:1036,65,0,0
BRDA:1036,65,1,0
BRDA:1106,66,0,0
BRDA:1106,66,1,0
BRDA:1107,67,0,0
BRDA:1107,67,1,0
BRDA:1171,68,0,0
BRDA:1171,68,1,0
BRF:367
BRH:0
end_of_record
TN:
SF:src/utils/listRuntime.js
FN:7,normalizeListName
FN:11,ensureList
FN:21,listIndexToInternal
FN:30,listAdd
FN:34,listDeleteAt
FN:43,listDeleteAll
FN:49,listInsertAt
FN:56,listReplaceAt
FN:65,listGetItem
FN:75,listIndexOfValue
FN:82,(anonymous_10)
FN:87,listLength
FN:92,listContains
FN:98,(anonymous_13)
FN:102,listBlocklyParam
FN:111,evalListParam
FN:119,evalListIndex
FN:129,blocklyListNodeToEvaluatorBlock
FNF:18
FNH:14
FNDA:19,normalizeListName
FNDA:4,ensureList
FNDA:10,listIndexToInternal
FNDA:2,listAdd
FNDA:2,listDeleteAt
FNDA:1,listDeleteAll
FNDA:2,listInsertAt
FNDA:1,listReplaceAt
FNDA:3,listGetItem
FNDA:2,listIndexOfValue
FNDA:3,(anonymous_10)
FNDA:3,listLength
FNDA:3,listContains
FNDA:2,(anonymous_13)
FNDA:0,listBlocklyParam
FNDA:0,evalListParam
FNDA:0,evalListIndex
FNDA:0,blocklyListNodeToEvaluatorBlock
DA:8,19
DA:12,4
DA:13,4
DA:14,4
DA:22,10
DA:23,10
DA:24,10
DA:25,10
DA:26,8
DA:27,5
DA:31,2
DA:35,2
DA:36,2
DA:37,2
DA:38,2
DA:39,2
DA:40,1
DA:44,1
DA:45,1
DA:46,1
DA:50,2
DA:51,2
DA:52,2
DA:53,2
DA:57,1
DA:58,1
DA:59,1
DA:60,1
DA:61,1
DA:62,1
DA:66,3
DA:67,3
DA:68,3
DA:69,3
DA:70,3
DA:71,2
DA:72,2
DA:76,2
DA:77,2
DA:78,2
DA:79,2
DA:80,2
DA:81,1
DA:82,3
DA:84,2
DA:88,3
DA:89,3
DA:93,3
DA:94,3
DA:95,3
DA:96,3
DA:97,1
DA:98,2
DA:103,0
DA:104,0
DA:105,0
DA:106,0
DA:108,0
DA:112,0
DA:113,0
DA:114,0
DA:116,0
DA:120,0
DA:121,0
DA:122,0
DA:124,0
DA:125,0
DA:130,0
DA:131,0
DA:132,0
DA:133,0
DA:135,0
DA:137,0
DA:145,0
DA:153,0
DA:155,0
DA:163,0
LF:77
LH:53
BRDA:8,0,0,19
BRDA:8,0,1,0
BRDA:8,1,0,19
BRDA:8,1,1,0
BRDA:13,2,0,1
BRDA:13,2,1,3
BRDA:21,3,0,6
BRDA:21,4,0,6
BRDA:23,5,0,0
BRDA:23,5,1,10
BRDA:25,6,0,2
BRDA:25,6,1,8
BRDA:25,7,0,10
BRDA:25,7,1,4
BRDA:26,8,0,3
BRDA:26,8,1,5
BRDA:26,9,0,8
BRDA:26,9,1,8
BRDA:37,10,0,0
BRDA:37,10,1,2
BRDA:39,11,0,1
BRDA:39,11,1,1
BRDA:45,12,0,0
BRDA:45,12,1,1
BRDA:52,13,0,0
BRDA:52,13,1,2
BRDA:59,14,0,0
BRDA:59,14,1,1
BRDA:61,15,0,0
BRDA:61,15,1,1
BRDA:68,16,0,0
BRDA:68,16,1,3
BRDA:70,17,0,1
BRDA:70,17,1,2
BRDA:72,18,0,0
BRDA:72,18,1,2
BRDA:78,19,0,0
BRDA:78,19,1,2
BRDA:78,20,0,2
BRDA:78,20,1,2
BRDA:80,21,0,1
BRDA:80,21,1,1
BRDA:84,22,0,1
BRDA:84,22,1,1
BRDA:89,23,0,3
BRDA:89,23,1,1
BRDA:95,24,0,0
BRDA:95,24,1,3
BRDA:96,25,0,2
BRDA:96,25,1,1
BRDA:103,26,0,0
BRDA:103,26,1,0
BRDA:104,27,0,0
BRDA:104,27,1,0
BRDA:106,28,0,0
BRDA:106,28,1,0
BRDA:112,29,0,0
BRDA:112,29,1,0
BRDA:112,30,0,0
BRDA:112,30,1,0
BRDA:112,30,2,0
BRDA:114,31,0,0
BRDA:114,31,1,0
BRDA:116,32,0,0
BRDA:116,32,1,0
BRDA:120,33,0,0
BRDA:120,33,1,0
BRDA:120,34,0,0
BRDA:120,34,1,0
BRDA:120,34,2,0
BRDA:122,35,0,0
BRDA:122,35,1,0
BRDA:125,36,0,0
BRDA:125,36,1,0
BRDA:130,37,0,0
BRDA:130,37,1,0
BRDA:132,38,0,0
BRDA:132,38,1,0
BRDA:133,39,0,0
BRDA:133,39,1,0
BRDA:133,39,2,0
BRDA:135,40,0,0
BRDA:135,40,1,0
BRDA:135,40,2,0
BRDA:135,40,3,0
BRDA:135,40,4,0
BRF:86
BRH:38
end_of_record
TN:
SF:src/utils/operatorsRuntime.js
FN:52,isOperatorBlocklyType
FN:56,coerceNum
FN:63,coerceStr
FN:69,coerceBool
FN:77,nestedFromValue
FN:83,paramFromValue
FN:89,evalParam
FN:96,evalBoolParam
FN:112,evaluateOperatorBlock
FN:215,applyMathOp
FN:250,blocklyNodeToEvaluatorBlock
FN:257,(anonymous_11)
FNF:12
FNH:0
FNDA:0,isOperatorBlocklyType
FNDA:0,coerceNum
FNDA:0,coerceStr
FNDA:0,coerceBool
FNDA:0,nestedFromValue
FNDA:0,paramFromValue
FNDA:0,evalParam
FNDA:0,evalBoolParam
FNDA:0,evaluateOperatorBlock
FNDA:0,applyMathOp
FNDA:0,blocklyNodeToEvaluatorBlock
FNDA:0,(anonymous_11)
DA:7,1
DA:26,1
DA:53,0
DA:57,0
DA:58,0
DA:59,0
DA:60,0
DA:64,0
DA:65,0
DA:66,0
DA:70,0
DA:71,0
DA:72,0
DA:73,0
DA:74,0
DA:78,0
DA:79,0
DA:80,0
DA:84,0
DA:85,0
DA:86,0
DA:90,0
DA:91,0
DA:93,0
DA:97,0
DA:98,0
DA:100,0
DA:101,0
DA:103,0
DA:113,0
DA:114,0
DA:116,0
DA:118,0
DA:120,0
DA:121,0
DA:122,0
DA:123,0
DA:126,0
DA:128,0
DA:129,0
DA:130,0
DA:131,0
DA:132,0
DA:135,0
DA:136,0
DA:139,0
DA:141,0
DA:142,0
DA:143,0
DA:144,0
DA:145,0
DA:148,0
DA:153,0
DA:154,0
DA:155,0
DA:156,0
DA:160,0
DA:164,0
DA:168,0
DA:171,0
DA:173,0
DA:175,0
DA:177,0
DA:181,0
DA:182,0
DA:183,0
DA:184,0
DA:187,0
DA:188,0
DA:189,0
DA:192,0
DA:193,0
DA:196,0
DA:198,0
DA:200,0
DA:202,0
DA:203,0
DA:204,0
DA:207,0
DA:211,0
DA:216,0
DA:217,0
DA:219,0
DA:221,0
DA:224,0
DA:226,0
DA:228,0
DA:230,0
DA:232,0
DA:234,0
DA:236,0
DA:239,0
DA:242,0
DA:245,0
DA:251,0
DA:252,0
DA:253,0
DA:255,0
DA:257,0
DA:258,0
DA:259,0
DA:262,0
DA:265,0
DA:274,0
DA:280,0
DA:289,0
DA:295,0
DA:301,0
DA:306,0
DA:311,0
DA:316,0
DA:317,0
DA:327,0
DA:332,0
DA:337,0
DA:342,0
DA:353,0
DA:363,0
DA:368,0
DA:373,0
DA:378,0
DA:383,0
DA:388,0
LF:123
LH:2
BRDA:56,0,0,0
BRDA:57,1,0,0
BRDA:57,1,1,0
BRDA:57,2,0,0
BRDA:57,2,1,0
BRDA:58,3,0,0
BRDA:58,3,1,0
BRDA:58,4,0,0
BRDA:58,4,1,0
BRDA:58,4,2,0
BRDA:60,5,0,0
BRDA:60,5,1,0
BRDA:63,6,0,0
BRDA:64,7,0,0
BRDA:64,7,1,0
BRDA:65,8,0,0
BRDA:65,8,1,0
BRDA:65,9,0,0
BRDA:65,9,1,0
BRDA:65,9,2,0
BRDA:70,10,0,0
BRDA:70,10,1,0
BRDA:72,11,0,0
BRDA:72,11,1,0
BRDA:72,12,0,0
BRDA:72,12,1,0
BRDA:73,13,0,0
BRDA:73,13,1,0
BRDA:73,14,0,0
BRDA:73,14,1,0
BRDA:73,14,2,0
BRDA:78,15,0,0
BRDA:78,15,1,0
BRDA:79,16,0,0
BRDA:79,16,1,0
BRDA:85,17,0,0
BRDA:85,17,1,0
BRDA:89,18,0,0
BRDA:89,19,0,0
BRDA:90,20,0,0
BRDA:90,20,1,0
BRDA:90,21,0,0
BRDA:90,21,1,0
BRDA:90,21,2,0
BRDA:97,22,0,0
BRDA:97,22,1,0
BRDA:97,23,0,0
BRDA:97,23,1,0
BRDA:97,23,2,0
BRDA:100,24,0,0
BRDA:100,24,1,0
BRDA:100,25,0,0
BRDA:100,25,1,0
BRDA:100,25,2,0
BRDA:105,26,0,0
BRDA:105,26,1,0
BRDA:105,27,0,0
BRDA:105,27,1,0
BRDA:113,28,0,0
BRDA:113,28,1,0
BRDA:114,29,0,0
BRDA:114,29,1,0
BRDA:116,30,0,0
BRDA:116,30,1,0
BRDA:118,31,0,0
BRDA:118,31,1,0
BRDA:118,31,2,0
BRDA:118,31,3,0
BRDA:118,31,4,0
BRDA:118,31,5,0
BRDA:118,31,6,0
BRDA:118,31,7,0
BRDA:118,31,8,0
BRDA:118,31,9,0
BRDA:118,31,10,0
BRDA:118,31,11,0
BRDA:118,31,12,0
BRDA:118,31,13,0
BRDA:118,31,14,0
BRDA:118,31,15,0
BRDA:118,31,16,0
BRDA:120,32,0,0
BRDA:120,32,1,0
BRDA:123,33,0,0
BRDA:123,33,1,0
BRDA:123,34,0,0
BRDA:123,34,1,0
BRDA:128,35,0,0
BRDA:128,35,1,0
BRDA:131,36,0,0
BRDA:131,36,1,0
BRDA:131,37,0,0
BRDA:131,37,1,0
BRDA:131,37,2,0
BRDA:131,38,0,0
BRDA:131,38,1,0
BRDA:136,39,0,0
BRDA:136,39,1,0
BRDA:139,40,0,0
BRDA:139,40,1,0
BRDA:149,41,0,0
BRDA:149,41,1,0
BRDA:149,41,2,0
BRDA:155,42,0,0
BRDA:155,42,1,0
BRDA:156,43,0,0
BRDA:156,43,1,0
BRDA:156,43,2,0
BRDA:156,43,3,0
BRDA:156,43,4,0
BRDA:156,43,5,0
BRDA:156,43,6,0
BRDA:156,43,7,0
BRDA:156,43,8,0
BRDA:156,43,9,0
BRDA:156,43,10,0
BRDA:156,43,11,0
BRDA:156,43,12,0
BRDA:156,43,13,0
BRDA:181,44,0,0
BRDA:181,44,1,0
BRDA:181,44,2,0
BRDA:182,45,0,0
BRDA:182,45,1,0
BRDA:183,46,0,0
BRDA:183,46,1,0
BRDA:184,47,0,0
BRDA:184,47,1,0
BRDA:184,48,0,0
BRDA:184,48,1,0
BRDA:184,49,0,0
BRDA:184,49,1,0
BRDA:187,50,0,0
BRDA:187,50,1,0
BRDA:188,51,0,0
BRDA:188,51,1,0
BRDA:189,52,0,0
BRDA:189,52,1,0
BRDA:192,53,0,0
BRDA:192,53,1,0
BRDA:192,54,0,0
BRDA:192,54,1,0
BRDA:203,55,0,0
BRDA:203,55,1,0
BRDA:204,56,0,0
BRDA:204,56,1,0
BRDA:208,57,0,0
BRDA:208,57,1,0
BRDA:217,58,0,0
BRDA:217,58,1,0
BRDA:217,58,2,0
BRDA:217,58,3,0
BRDA:217,58,4,0
BRDA:217,58,5,0
BRDA:217,58,6,0
BRDA:217,58,7,0
BRDA:217,58,8,0
BRDA:217,58,9,0
BRDA:217,58,10,0
BRDA:217,58,11,0
BRDA:217,58,12,0
BRDA:217,58,13,0
BRDA:217,58,14,0
BRDA:217,58,15,0
BRDA:217,59,0,0
BRDA:217,59,1,0
BRDA:251,60,0,0
BRDA:251,60,1,0
BRDA:253,61,0,0
BRDA:253,61,1,0
BRDA:255,62,0,0
BRDA:255,62,1,0
BRDA:257,63,0,0
BRDA:258,64,0,0
BRDA:258,64,1,0
BRDA:259,65,0,0
BRDA:259,65,1,0
BRDA:259,66,0,0
BRDA:259,66,1,0
BRDA:262,67,0,0
BRDA:262,67,1,0
BRDA:262,67,2,0
BRDA:262,67,3,0
BRDA:262,67,4,0
BRDA:262,67,5,0
BRDA:262,67,6,0
BRDA:262,67,7,0
BRDA:262,67,8,0
BRDA:262,67,9,0
BRDA:262,67,10,0
BRDA:262,67,11,0
BRDA:262,67,12,0
BRDA:262,67,13,0
BRDA:262,67,14,0
BRDA:262,67,15,0
BRDA:262,67,16,0
BRDA:262,67,17,0
BRDA:262,67,18,0
BRDA:262,67,19,0
BRDA:262,67,20,0
BRDA:262,67,21,0
BRDA:262,67,22,0
BRDA:262,67,23,0
BRDA:268,68,0,0
BRDA:268,68,1,0
BRDA:268,68,2,0
BRDA:269,69,0,0
BRDA:269,69,1,0
BRDA:269,69,2,0
BRDA:270,70,0,0
BRDA:270,70,1,0
BRDA:270,71,0,0
BRDA:270,71,1,0
BRDA:276,72,0,0
BRDA:276,72,1,0
BRDA:276,73,0,0
BRDA:276,73,1,0
BRDA:283,74,0,0
BRDA:283,74,1,0
BRDA:283,74,2,0
BRDA:284,75,0,0
BRDA:284,75,1,0
BRDA:284,75,2,0
BRDA:285,76,0,0
BRDA:285,76,1,0
BRDA:285,77,0,0
BRDA:285,77,1,0
BRDA:285,77,2,0
BRDA:291,78,0,0
BRDA:291,78,1,0
BRDA:291,79,0,0
BRDA:291,79,1,0
BRDA:297,80,0,0
BRDA:297,80,1,0
BRDA:297,80,2,0
BRDA:297,81,0,0
BRDA:297,81,1,0
BRDA:297,81,2,0
BRDA:303,82,0,0
BRDA:303,82,1,0
BRDA:303,82,2,0
BRDA:303,83,0,0
BRDA:303,83,1,0
BRDA:303,83,2,0
BRDA:308,84,0,0
BRDA:308,84,1,0
BRDA:308,85,0,0
BRDA:308,85,1,0
BRDA:313,86,0,0
BRDA:313,86,1,0
BRDA:313,87,0,0
BRDA:313,87,1,0
BRDA:320,88,0,0
BRDA:320,88,1,0
BRDA:321,89,0,0
BRDA:321,89,1,0
BRDA:322,90,0,0
BRDA:322,90,1,0
BRDA:322,90,2,0
BRDA:329,91,0,0
BRDA:329,91,1,0
BRDA:329,92,0,0
BRDA:329,92,1,0
BRDA:334,93,0,0
BRDA:334,93,1,0
BRDA:334,94,0,0
BRDA:334,94,1,0
BRDA:339,95,0,0
BRDA:339,95,1,0
BRDA:339,96,0,0
BRDA:339,96,1,0
BRDA:345,97,0,0
BRDA:345,97,1,0
BRDA:370,98,0,0
BRDA:370,98,1,0
BRDA:370,99,0,0
BRDA:370,99,1,0
BRDA:375,100,0,0
BRDA:375,100,1,0
BRDA:380,101,0,0
BRDA:380,101,1,0
BRDA:380,102,0,0
BRDA:380,102,1,0
BRDA:385,103,0,0
BRDA:385,103,1,0
BRDA:385,104,0,0
BRDA:385,104,1,0
BRF:287
BRH:0
end_of_record
